f:\custom-build\yuzu-1703\src\core\core.dir\release\cmake_pch.pch
f:\custom-build\yuzu-1703\src\core\core.dir\release\cmake_pch.obj
f:\custom-build\yuzu-1703\src\core\core.dir\release\encryption_layer.obj
f:\custom-build\yuzu-1703\src\core\core.dir\release\bis_factory.obj
f:\custom-build\yuzu-1703\src\core\core.dir\release\fssystem_bucket_tree.obj
f:\custom-build\yuzu-1703\src\core\core.dir\release\fssystem_hierarchical_integrity_verification_storage.obj
f:\custom-build\yuzu-1703\src\core\core.dir\release\fssystem_nca_file_system_driver.obj
f:\custom-build\yuzu-1703\src\core\core.dir\release\code_set.obj
f:\custom-build\yuzu-1703\src\core\core.dir\release\init_slab_setup.obj
f:\custom-build\yuzu-1703\src\core\core.dir\release\k_spin_lock.obj
f:\custom-build\yuzu-1703\src\core\core.dir\release\k_thread.obj
f:\custom-build\yuzu-1703\src\core\core.dir\release\applet_profile_select.obj
f:\custom-build\yuzu-1703\src\core\core.dir\release\applet_common_functions.obj
f:\custom-build\yuzu-1703\src\core\core.dir\release\global_state_controller.obj
f:\custom-build\yuzu-1703\src\core\core.dir\release\managed_layer_holder.obj
f:\custom-build\yuzu-1703\src\core\core.dir\release\system_applet_proxy.obj
f:\custom-build\yuzu-1703\src\core\core.dir\release\hwopus.obj
f:\custom-build\yuzu-1703\src\core\core.dir\release\caps_c.obj
f:\custom-build\yuzu-1703\src\core\core.dir\release\fatal_u.obj
f:\custom-build\yuzu-1703\src\core\core.dir\release\fsp_ldr.obj
f:\custom-build\yuzu-1703\src\core\core.dir\release\arp.obj
f:\custom-build\yuzu-1703\src\core\core.dir\release\hidbus.obj
f:\custom-build\yuzu-1703\src\core\core.dir\release\ns.obj
f:\custom-build\yuzu-1703\src\core\core.dir\release\spl_module.obj
f:\custom-build\yuzu-1703\src\core\core.dir\release\reporter.obj
f:\custom-build\yuzu-1703\src\core\core.dir\release\debugger.obj
f:\custom-build\yuzu-1703\src\core\core.dir\release\svc_insecure_memory.obj
f:\custom-build\yuzu-1703\src\core\core.dir\release\svc_light_ipc.obj
f:\custom-build\yuzu-1703\src\core\core.dir\release\svc_power_management.obj
f:\custom-build\yuzu-1703\src\core\core.dir\release\svc_processor.obj
f:\custom-build\yuzu-1703\src\core\core.dir\release\svc_query_memory.obj
f:\custom-build\yuzu-1703\src\core\core.dir\release\svc_tick.obj
f:\custom-build\yuzu-1703\src\core\core.dir\release\am.obj
f:\custom-build\yuzu-1703\src\core\core.dir\release\application_functions.obj
f:\custom-build\yuzu-1703\src\core\core.dir\release\caps_sc.obj
f:\custom-build\yuzu-1703\src\core\core.dir\release\caps_ss.obj
f:\custom-build\yuzu-1703\src\core\core.dir\release\friend_interface.obj
f:\custom-build\yuzu-1703\src\core\core.dir\release\pm_state_change_handler.obj
f:\custom-build\yuzu-1703\src\core\core.dir\release\standard_steady_clock_resource.obj
f:\custom-build\yuzu-1703\src\core\core.dir\release\mii_manager.obj
f:\custom-build\yuzu-1703\src\core\core.dir\release\amiibo_crypto.obj
f:\custom-build\yuzu-1703\src\core\core.dir\release\pdm_qry.obj
f:\custom-build\yuzu-1703\src\core\core.dir\release\nvhost_nvjpg.obj
f:\custom-build\yuzu-1703\src\core\core.dir\release\buffer_item_consumer.obj
f:\custom-build\yuzu-1703\src\core\core.dir\release\buffer_queue_core.obj
f:\custom-build\yuzu-1703\src\core\core.dir\release\graphic_buffer_producer.obj
f:\custom-build\yuzu-1703\src\core\core.dir\release\pcv.obj
f:\custom-build\yuzu-1703\src\core\core.dir\release\ptm.obj
f:\custom-build\yuzu-1703\src\core\core.dir\release\appln_settings.obj
f:\custom-build\yuzu-1703\src\core\core.dir\release\system_settings_server.obj
f:\custom-build\yuzu-1703\src\core\core.dir\release\key_manager.obj
f:\custom-build\yuzu-1703\src\core\core.dir\release\k_address_space_info.obj
f:\custom-build\yuzu-1703\src\core\core.dir\release\k_auto_object.obj
f:\custom-build\yuzu-1703\src\core\core.dir\release\k_auto_object_container.obj
f:\custom-build\yuzu-1703\src\core\core.dir\release\k_interrupt_manager.obj
f:\custom-build\yuzu-1703\src\core\core.dir\release\k_light_condition_variable.obj
f:\custom-build\yuzu-1703\src\core\core.dir\release\k_object_name.obj
f:\custom-build\yuzu-1703\src\core\core.dir\release\k_page_group.obj
f:\custom-build\yuzu-1703\src\core\core.dir\release\k_readable_event.obj
f:\custom-build\yuzu-1703\src\core\core.dir\release\k_server_session.obj
f:\custom-build\yuzu-1703\src\core\core.dir\release\applet_general.obj
f:\custom-build\yuzu-1703\src\core\core.dir\release\application_proxy.obj
f:\custom-build\yuzu-1703\src\core\core.dir\release\library_applet_storage.obj
f:\custom-build\yuzu-1703\src\core\core.dir\release\storage_accessor.obj
f:\custom-build\yuzu-1703\src\core\core.dir\release\audin_u.obj
f:\custom-build\yuzu-1703\src\core\core.dir\release\fatal_p.obj
f:\custom-build\yuzu-1703\src\core\core.dir\release\fsp_srv.obj
f:\custom-build\yuzu-1703\src\core\core.dir\release\nfp.obj
f:\custom-build\yuzu-1703\src\core\core.dir\release\container.obj
f:\custom-build\yuzu-1703\src\core\core.dir\release\nvmemp.obj
f:\custom-build\yuzu-1703\src\core\core.dir\release\buffer_queue_consumer.obj
f:\custom-build\yuzu-1703\src\core\core.dir\release\olsc.obj
f:\custom-build\yuzu-1703\src\core\core.dir\release\power_state_service.obj
f:\custom-build\yuzu-1703\src\core\core.dir\release\service.obj
f:\custom-build\yuzu-1703\src\core\core.dir\release\dynarmic_cp15.obj
f:\custom-build\yuzu-1703\src\core\core.dir\release\symbols.obj
f:\custom-build\yuzu-1703\src\core\core.dir\release\control_metadata.obj
f:\custom-build\yuzu-1703\src\core\core.dir\release\fssystem_indirect_storage.obj
f:\custom-build\yuzu-1703\src\core\core.dir\release\program_metadata.obj
f:\custom-build\yuzu-1703\src\core\core.dir\release\sdmc_factory.obj
f:\custom-build\yuzu-1703\src\core\core.dir\release\vfs.obj
f:\custom-build\yuzu-1703\src\core\core.dir\release\k_address_arbiter.obj
f:\custom-build\yuzu-1703\src\core\core.dir\release\k_code_memory.obj
f:\custom-build\yuzu-1703\src\core\core.dir\release\k_light_server_session.obj
f:\custom-build\yuzu-1703\src\core\core.dir\release\k_page_table_base.obj
f:\custom-build\yuzu-1703\src\core\core.dir\release\applets.obj
f:\custom-build\yuzu-1703\src\core\core.dir\release\library_applet_creator.obj
f:\custom-build\yuzu-1703\src\core\core.dir\release\audio.obj
f:\custom-build\yuzu-1703\src\core\core.dir\release\filesystem.obj
f:\custom-build\yuzu-1703\src\core\core.dir\release\mii.obj
f:\custom-build\yuzu-1703\src\core\core.dir\release\nvhost_ctrl_gpu.obj
f:\custom-build\yuzu-1703\src\core\core.dir\release\context_writers.obj
f:\custom-build\yuzu-1703\src\core\core.dir\release\standard_steady_clock_core.obj
f:\custom-build\yuzu-1703\src\core\core.dir\release\firmware_debug_settings_server.obj
f:\custom-build\yuzu-1703\src\core\core.dir\release\sfdnsres.obj
f:\custom-build\yuzu-1703\src\core\core.dir\release\socket_proxy.obj
f:\custom-build\yuzu-1703\src\core\core.dir\release\cheat_engine.obj
f:\custom-build\yuzu-1703\src\core\core.dir\release\xts_encryption_layer.obj
f:\custom-build\yuzu-1703\src\core\core.dir\release\fssystem_aes_ctr_storage.obj
f:\custom-build\yuzu-1703\src\core\core.dir\release\fssystem_integrity_verification_storage.obj
f:\custom-build\yuzu-1703\src\core\core.dir\release\fssystem_pooled_buffer.obj
f:\custom-build\yuzu-1703\src\core\core.dir\release\kernel_executable.obj
f:\custom-build\yuzu-1703\src\core\core.dir\release\submission_package.obj
f:\custom-build\yuzu-1703\src\core\core.dir\release\framebuffer_layout.obj
f:\custom-build\yuzu-1703\src\core\core.dir\release\k_transfer_memory.obj
f:\custom-build\yuzu-1703\src\core\core.dir\release\physical_core.obj
f:\custom-build\yuzu-1703\src\core\core.dir\release\acc_aa.obj
f:\custom-build\yuzu-1703\src\core\core.dir\release\applet_error.obj
f:\custom-build\yuzu-1703\src\core\core.dir\release\applet_data_broker.obj
f:\custom-build\yuzu-1703\src\core\core.dir\release\debug_functions.obj
f:\custom-build\yuzu-1703\src\core\core.dir\release\library_applet_proxy.obj
f:\custom-build\yuzu-1703\src\core\core.dir\release\audctl.obj
f:\custom-build\yuzu-1703\src\core\core.dir\release\caps_u.obj
f:\custom-build\yuzu-1703\src\core\core.dir\release\grc.obj
f:\custom-build\yuzu-1703\src\core\core.dir\release\xcd.obj
f:\custom-build\yuzu-1703\src\core\core.dir\release\lbl.obj
f:\custom-build\yuzu-1703\src\core\core.dir\release\mig.obj
f:\custom-build\yuzu-1703\src\core\core.dir\release\char_info.obj
f:\custom-build\yuzu-1703\src\core\core.dir\release\store_data.obj
f:\custom-build\yuzu-1703\src\core\core.dir\release\mm_u.obj
f:\custom-build\yuzu-1703\src\core\core.dir\release\ngc.obj
f:\custom-build\yuzu-1703\src\core\core.dir\release\heap_mapper.obj
f:\custom-build\yuzu-1703\src\core\core.dir\release\psc.obj
f:\custom-build\yuzu-1703\src\core\core.dir\release\ts.obj
f:\custom-build\yuzu-1703\src\core\core.dir\release\settings.obj
f:\custom-build\yuzu-1703\src\core\core.dir\release\vi_layer.obj
f:\custom-build\yuzu-1703\src\core\core.dir\release\vi_m.obj
f:\custom-build\yuzu-1703\src\core\core.dir\release\deconstructed_rom_directory.obj
f:\custom-build\yuzu-1703\src\core\core.dir\release\jit.obj
f:\custom-build\yuzu-1703\src\core\core.dir\release\arm_interface.obj
f:\custom-build\yuzu-1703\src\core\core.dir\release\content_archive.obj
f:\custom-build\yuzu-1703\src\core\core.dir\release\fssystem_integrity_romfs_storage.obj
f:\custom-build\yuzu-1703\src\core\core.dir\release\registered_cache.obj
f:\custom-build\yuzu-1703\src\core\core.dir\release\k_process.obj
f:\custom-build\yuzu-1703\src\core\core.dir\release\applet.obj
f:\custom-build\yuzu-1703\src\core\core.dir\release\applet_message_queue.obj
f:\custom-build\yuzu-1703\src\core\core.dir\release\library_applet_accessor.obj
f:\custom-build\yuzu-1703\src\core\core.dir\release\system_buffer_manager.obj
f:\custom-build\yuzu-1703\src\core\core.dir\release\window_controller.obj
f:\custom-build\yuzu-1703\src\core\core.dir\release\audren_u.obj
f:\custom-build\yuzu-1703\src\core\core.dir\release\es.obj
f:\custom-build\yuzu-1703\src\core\core.dir\release\manager.obj
f:\custom-build\yuzu-1703\src\core\core.dir\release\npns.obj
f:\custom-build\yuzu-1703\src\core\core.dir\release\nvhost_as_gpu.obj
f:\custom-build\yuzu-1703\src\core\core.dir\release\standard_network_system_clock_core.obj
f:\custom-build\yuzu-1703\src\core\core.dir\release\system_clock_core.obj
f:\custom-build\yuzu-1703\src\core\core.dir\release\steady_clock.obj
f:\custom-build\yuzu-1703\src\core\core.dir\release\sm_controller.obj
f:\custom-build\yuzu-1703\src\core\core.dir\release\csrng.obj
f:\custom-build\yuzu-1703\src\core\core.dir\release\vi_u.obj
f:\custom-build\yuzu-1703\src\core\core.dir\release\kip.obj
f:\custom-build\yuzu-1703\src\core\core.dir\release\nro.obj
f:\custom-build\yuzu-1703\src\core\core.dir\release\renderdoc.obj
f:\custom-build\yuzu-1703\src\core\core.dir\release\cpu_manager.obj
f:\custom-build\yuzu-1703\src\core\core.dir\release\patch_manager.obj
f:\custom-build\yuzu-1703\src\core\core.dir\release\k_synchronization_object.obj
f:\custom-build\yuzu-1703\src\core\core.dir\release\svc_address_translation.obj
f:\custom-build\yuzu-1703\src\core\core.dir\release\svc_cache.obj
f:\custom-build\yuzu-1703\src\core\core.dir\release\svc_debug.obj
f:\custom-build\yuzu-1703\src\core\core.dir\release\svc_event.obj
f:\custom-build\yuzu-1703\src\core\core.dir\release\svc_ipc.obj
f:\custom-build\yuzu-1703\src\core\core.dir\release\svc_process_memory.obj
f:\custom-build\yuzu-1703\src\core\core.dir\release\svc_session.obj
f:\custom-build\yuzu-1703\src\core\core.dir\release\acc_u0.obj
f:\custom-build\yuzu-1703\src\core\core.dir\release\applet_controller.obj
f:\custom-build\yuzu-1703\src\core\core.dir\release\apm.obj
f:\custom-build\yuzu-1703\src\core\core.dir\release\backend.obj
f:\custom-build\yuzu-1703\src\core\core.dir\release\bpc.obj
f:\custom-build\yuzu-1703\src\core\core.dir\release\caps_manager.obj
f:\custom-build\yuzu-1703\src\core\core.dir\release\friend.obj
f:\custom-build\yuzu-1703\src\core\core.dir\release\hle_ipc.obj
f:\custom-build\yuzu-1703\src\core\core.dir\release\mnpp_app.obj
f:\custom-build\yuzu-1703\src\core\core.dir\release\nfc_interface.obj
f:\custom-build\yuzu-1703\src\core\core.dir\release\nvhost_ctrl.obj
f:\custom-build\yuzu-1703\src\core\core.dir\release\consumer_base.obj
f:\custom-build\yuzu-1703\src\core\core.dir\release\graphic_buffer.obj
f:\custom-build\yuzu-1703\src\core\core.dir\release\pctl_module.obj
f:\custom-build\yuzu-1703\src\core\core.dir\release\server_manager.obj
f:\custom-build\yuzu-1703\src\core\core.dir\release\ssl.obj
f:\custom-build\yuzu-1703\src\core\core.dir\release\freezer.obj
f:\custom-build\yuzu-1703\src\core\core.dir\release\gdbstub.obj
f:\custom-build\yuzu-1703\src\core\core.dir\release\k_capabilities.obj
f:\custom-build\yuzu-1703\src\core\core.dir\release\k_handle_table.obj
f:\custom-build\yuzu-1703\src\core\core.dir\release\k_light_lock.obj
f:\custom-build\yuzu-1703\src\core\core.dir\release\k_memory_manager.obj
f:\custom-build\yuzu-1703\src\core\core.dir\release\k_shared_memory.obj
f:\custom-build\yuzu-1703\src\core\core.dir\release\k_thread_local_page.obj
f:\custom-build\yuzu-1703\src\core\core.dir\release\kernel.obj
f:\custom-build\yuzu-1703\src\core\core.dir\release\applet_manager.obj
f:\custom-build\yuzu-1703\src\core\core.dir\release\audrec_u.obj
f:\custom-build\yuzu-1703\src\core\core.dir\release\btdrv.obj
f:\custom-build\yuzu-1703\src\core\core.dir\release\caps_su.obj
f:\custom-build\yuzu-1703\src\core\core.dir\release\glue_manager.obj
f:\custom-build\yuzu-1703\src\core\core.dir\release\worker.obj
f:\custom-build\yuzu-1703\src\core\core.dir\release\mutex.obj
f:\custom-build\yuzu-1703\src\core\core.dir\release\nfc.obj
f:\custom-build\yuzu-1703\src\core\core.dir\release\nvdrv_interface.obj
f:\custom-build\yuzu-1703\src\core\core.dir\release\hos_binder_driver_server.obj
f:\custom-build\yuzu-1703\src\core\core.dir\release\pctl.obj
f:\custom-build\yuzu-1703\src\core\core.dir\release\alarms.obj
f:\custom-build\yuzu-1703\src\core\core.dir\release\ro.obj
f:\custom-build\yuzu-1703\src\core\core.dir\release\sockets.obj
f:\custom-build\yuzu-1703\src\core\core.dir\release\vi_s.obj
f:\custom-build\yuzu-1703\src\core\core.dir\release\loader.obj
f:\custom-build\yuzu-1703\src\core\core.dir\release\dmnt_cheat_vm.obj
f:\custom-build\yuzu-1703\src\core\core.dir\release\core_timing.obj
f:\custom-build\yuzu-1703\src\core\core.dir\release\ips_layer.obj
f:\custom-build\yuzu-1703\src\core\core.dir\release\profile_select.obj
f:\custom-build\yuzu-1703\src\core\core.dir\release\k_scheduler.obj
f:\custom-build\yuzu-1703\src\core\core.dir\release\svc_shared_memory.obj
f:\custom-build\yuzu-1703\src\core\core.dir\release\acc.obj
f:\custom-build\yuzu-1703\src\core\core.dir\release\omm.obj
f:\custom-build\yuzu-1703\src\core\core.dir\release\spsm.obj
f:\custom-build\yuzu-1703\src\core\core.dir\release\apm_interface.obj
f:\custom-build\yuzu-1703\src\core\core.dir\release\caps.obj
f:\custom-build\yuzu-1703\src\core\core.dir\release\event.obj
f:\custom-build\yuzu-1703\src\core\core.dir\release\fatal.obj
f:\custom-build\yuzu-1703\src\core\core.dir\release\hid.obj
f:\custom-build\yuzu-1703\src\core\core.dir\release\ldn.obj
f:\custom-build\yuzu-1703\src\core\core.dir\release\iplatform_service_manager.obj
f:\custom-build\yuzu-1703\src\core\core.dir\release\hardware_composer.obj
f:\custom-build\yuzu-1703\src\core\core.dir\release\tick_based_steady_clock_core.obj
f:\custom-build\yuzu-1703\src\core\core.dir\release\device_settings.obj
f:\custom-build\yuzu-1703\src\core\core.dir\release\sm.obj
f:\custom-build\yuzu-1703\src\core\core.dir\release\usb.obj
f:\custom-build\yuzu-1703\src\core\core.dir\release\nso.obj
f:\custom-build\yuzu-1703\src\core\core.dir\release\dynarmic_exclusive_monitor.obj
f:\custom-build\yuzu-1703\src\core\core.dir\release\jit_code_memory.obj
f:\custom-build\yuzu-1703\src\core\core.dir\release\ssl_backend_schannel.obj
f:\custom-build\yuzu-1703\src\core\core.dir\release\aes_util.obj
f:\custom-build\yuzu-1703\src\core\core.dir\release\fssystem_aes_ctr_counter_extended_storage.obj
f:\custom-build\yuzu-1703\src\core\core.dir\release\romfs.obj
f:\custom-build\yuzu-1703\src\core\core.dir\release\font_extended_chinese_simplified.obj
f:\custom-build\yuzu-1703\src\core\core.dir\release\shared_font.obj
f:\custom-build\yuzu-1703\src\core\core.dir\release\controller.obj
f:\custom-build\yuzu-1703\src\core\core.dir\release\k_resource_limit.obj
f:\custom-build\yuzu-1703\src\core\core.dir\release\svc_register.obj
f:\custom-build\yuzu-1703\src\core\core.dir\release\svc_thread.obj
f:\custom-build\yuzu-1703\src\core\core.dir\release\applet_oe.obj
f:\custom-build\yuzu-1703\src\core\core.dir\release\hid_registration.obj
f:\custom-build\yuzu-1703\src\core\core.dir\release\process.obj
f:\custom-build\yuzu-1703\src\core\core.dir\release\audrec_a.obj
f:\custom-build\yuzu-1703\src\core\core.dir\release\bcat_module.obj
f:\custom-build\yuzu-1703\src\core\core.dir\release\fs_i_filesystem.obj
f:\custom-build\yuzu-1703\src\core\core.dir\release\irs.obj
f:\custom-build\yuzu-1703\src\core\core.dir\release\syncpoint_manager.obj
f:\custom-build\yuzu-1703\src\core\core.dir\release\nvhost_vic.obj
f:\custom-build\yuzu-1703\src\core\core.dir\release\buffer_queue_producer.obj
f:\custom-build\yuzu-1703\src\core\core.dir\release\bsd.obj
f:\custom-build\yuzu-1703\src\core\core.dir\release\xci.obj
f:\custom-build\yuzu-1703\src\core\core.dir\release\arm_dynarmic.obj
f:\custom-build\yuzu-1703\src\core\core.dir\release\arm_dynarmic_32.obj
f:\custom-build\yuzu-1703\src\core\core.dir\release\core.obj
f:\custom-build\yuzu-1703\src\core\core.dir\release\svc_condition_variable.obj
f:\custom-build\yuzu-1703\src\core\core.dir\release\svc_exception.obj
f:\custom-build\yuzu-1703\src\core\core.dir\release\svc_synchronization.obj
f:\custom-build\yuzu-1703\src\core\core.dir\release\acc_u1.obj
f:\custom-build\yuzu-1703\src\core\core.dir\release\applet_software_keyboard.obj
f:\custom-build\yuzu-1703\src\core\core.dir\release\common_state_getter.obj
f:\custom-build\yuzu-1703\src\core\core.dir\release\btm.obj
f:\custom-build\yuzu-1703\src\core\core.dir\release\erpt.obj
f:\custom-build\yuzu-1703\src\core\core.dir\release\fs_i_directory.obj
f:\custom-build\yuzu-1703\src\core\core.dir\release\notif.obj
f:\custom-build\yuzu-1703\src\core\core.dir\release\lan_discovery.obj
f:\custom-build\yuzu-1703\src\core\core.dir\release\raw_data.obj
f:\custom-build\yuzu-1703\src\core\core.dir\release\ver3_store_data.obj
f:\custom-build\yuzu-1703\src\core\core.dir\release\device_manager.obj
f:\custom-build\yuzu-1703\src\core\core.dir\release\nvdisp_disp0.obj
f:\custom-build\yuzu-1703\src\core\core.dir\release\pcie.obj
f:\custom-build\yuzu-1703\src\core\core.dir\release\standard_local_system_clock_core.obj
f:\custom-build\yuzu-1703\src\core\core.dir\release\shared_memory.obj
f:\custom-build\yuzu-1703\src\core\core.dir\release\time_zone_service.obj
f:\custom-build\yuzu-1703\src\core\core.dir\release\sockets_translate.obj
f:\custom-build\yuzu-1703\src\core\core.dir\release\nax.obj
f:\custom-build\yuzu-1703\src\core\core.dir\release\memory.obj
f:\custom-build\yuzu-1703\src\core\core.dir\release\exclusive_monitor.obj
f:\custom-build\yuzu-1703\src\core\core.dir\release\device_memory.obj
f:\custom-build\yuzu-1703\src\core\core.dir\release\card_image.obj
f:\custom-build\yuzu-1703\src\core\core.dir\release\nca_metadata.obj
f:\custom-build\yuzu-1703\src\core\core.dir\release\savedata_factory.obj
f:\custom-build\yuzu-1703\src\core\core.dir\release\font_standard.obj
f:\custom-build\yuzu-1703\src\core\core.dir\release\vfs_layered.obj
f:\custom-build\yuzu-1703\src\core\core.dir\release\error.obj
f:\custom-build\yuzu-1703\src\core\core.dir\release\k_system_control.obj
f:\custom-build\yuzu-1703\src\core\core.dir\release\svc_address_arbiter.obj
f:\custom-build\yuzu-1703\src\core\core.dir\release\svc_code_memory.obj
f:\custom-build\yuzu-1703\src\core\core.dir\release\svc_device_address_space.obj
f:\custom-build\yuzu-1703\src\core\core.dir\release\svc_interrupt_event.obj
f:\custom-build\yuzu-1703\src\core\core.dir\release\svc_kernel_debug.obj
f:\custom-build\yuzu-1703\src\core\core.dir\release\svc_physical_memory.obj
f:\custom-build\yuzu-1703\src\core\core.dir\release\svc_process.obj
f:\custom-build\yuzu-1703\src\core\core.dir\release\profile_manager.obj
f:\custom-build\yuzu-1703\src\core\core.dir\release\idle.obj
f:\custom-build\yuzu-1703\src\core\core.dir\release\lock_accessor.obj
f:\custom-build\yuzu-1703\src\core\core.dir\release\aoc_u.obj
f:\custom-build\yuzu-1703\src\core\core.dir\release\fgm.obj
f:\custom-build\yuzu-1703\src\core\core.dir\release\alarm_worker.obj
f:\custom-build\yuzu-1703\src\core\core.dir\release\lm.obj
f:\custom-build\yuzu-1703\src\core\core.dir\release\nfp_interface.obj
f:\custom-build\yuzu-1703\src\core\core.dir\release\nvhost_gpu.obj
f:\custom-build\yuzu-1703\src\core\core.dir\release\prepo.obj
f:\custom-build\yuzu-1703\src\core\core.dir\release\ro_nro_utils.obj
f:\custom-build\yuzu-1703\src\core\core.dir\release\private_settings.obj
f:\custom-build\yuzu-1703\src\core\core.dir\release\settings_server.obj
f:\custom-build\yuzu-1703\src\core\core.dir\release\nsp.obj
f:\custom-build\yuzu-1703\src\core\core.dir\release\telemetry_session.obj
f:\custom-build\yuzu-1703\src\core\core.dir\release\constants.obj
f:\custom-build\yuzu-1703\src\core\core.dir\release\gdbstub_arch.obj
f:\custom-build\yuzu-1703\src\core\core.dir\release\fsmitm_romfsbuild.obj
f:\custom-build\yuzu-1703\src\core\core.dir\release\fssystem_hierarchical_sha256_storage.obj
f:\custom-build\yuzu-1703\src\core\core.dir\release\fssystem_nca_reader.obj
f:\custom-build\yuzu-1703\src\core\core.dir\release\ng_word.obj
f:\custom-build\yuzu-1703\src\core\core.dir\release\vfs_offset.obj
f:\custom-build\yuzu-1703\src\core\core.dir\release\vfs_vector.obj
f:\custom-build\yuzu-1703\src\core\core.dir\release\general.obj
f:\custom-build\yuzu-1703\src\core\core.dir\release\web_browser.obj
f:\custom-build\yuzu-1703\src\core\core.dir\release\emu_window.obj
f:\custom-build\yuzu-1703\src\core\core.dir\release\global_scheduler_context.obj
f:\custom-build\yuzu-1703\src\core\core.dir\release\k_class_token.obj
f:\custom-build\yuzu-1703\src\core\core.dir\release\k_condition_variable.obj
f:\custom-build\yuzu-1703\src\core\core.dir\release\k_light_client_session.obj
f:\custom-build\yuzu-1703\src\core\core.dir\release\k_memory_block_manager.obj
f:\custom-build\yuzu-1703\src\core\core.dir\release\k_port.obj
f:\custom-build\yuzu-1703\src\core\core.dir\release\k_session.obj
f:\custom-build\yuzu-1703\src\core\core.dir\release\k_thread_queue.obj
f:\custom-build\yuzu-1703\src\core\core.dir\release\svc.obj
f:\custom-build\yuzu-1703\src\core\core.dir\release\svc_secure_monitor_call.obj
f:\custom-build\yuzu-1703\src\core\core.dir\release\svc_thread_profiler.obj
f:\custom-build\yuzu-1703\src\core\core.dir\release\acc_su.obj
f:\custom-build\yuzu-1703\src\core\core.dir\release\applet_mii_edit.obj
f:\custom-build\yuzu-1703\src\core\core.dir\release\display_controller.obj
f:\custom-build\yuzu-1703\src\core\core.dir\release\process_winding_controller.obj
f:\custom-build\yuzu-1703\src\core\core.dir\release\apm_controller.obj
f:\custom-build\yuzu-1703\src\core\core.dir\release\fs_i_storage.obj
f:\custom-build\yuzu-1703\src\core\core.dir\release\file_timestamp_worker.obj
f:\custom-build\yuzu-1703\src\core\core.dir\release\hid_system_server.obj
f:\custom-build\yuzu-1703\src\core\core.dir\release\nifm.obj
f:\custom-build\yuzu-1703\src\core\core.dir\release\nvdrv.obj
f:\custom-build\yuzu-1703\src\core\core.dir\release\common.obj
f:\custom-build\yuzu-1703\src\core\core.dir\release\service_manager.obj
f:\custom-build\yuzu-1703\src\core\core.dir\release\network_interface.obj
f:\custom-build\yuzu-1703\src\core\core.dir\release\arm_dynarmic_64.obj
f:\custom-build\yuzu-1703\src\core\core.dir\release\ctr_encryption_layer.obj
f:\custom-build\yuzu-1703\src\core\core.dir\release\fssystem_alignment_matching_storage_impl.obj
f:\custom-build\yuzu-1703\src\core\core.dir\release\fssystem_compression_configuration.obj
f:\custom-build\yuzu-1703\src\core\core.dir\release\fssystem_crypto_configuration.obj
f:\custom-build\yuzu-1703\src\core\core.dir\release\font_chinese_simplified.obj
f:\custom-build\yuzu-1703\src\core\core.dir\release\font_korean.obj
f:\custom-build\yuzu-1703\src\core\core.dir\release\system_version.obj
f:\custom-build\yuzu-1703\src\core\core.dir\release\vfs_real.obj
f:\custom-build\yuzu-1703\src\core\core.dir\release\k_client_session.obj
f:\custom-build\yuzu-1703\src\core\core.dir\release\k_device_address_space.obj
f:\custom-build\yuzu-1703\src\core\core.dir\release\k_hardware_timer.obj
f:\custom-build\yuzu-1703\src\core\core.dir\release\svc_memory.obj
f:\custom-build\yuzu-1703\src\core\core.dir\release\svc_transfer_memory.obj
f:\custom-build\yuzu-1703\src\core\core.dir\release\async_context.obj
f:\custom-build\yuzu-1703\src\core\core.dir\release\applet_ae.obj
f:\custom-build\yuzu-1703\src\core\core.dir\release\audio_controller.obj
f:\custom-build\yuzu-1703\src\core\core.dir\release\library_applet_self_accessor.obj
f:\custom-build\yuzu-1703\src\core\core.dir\release\eupld.obj
f:\custom-build\yuzu-1703\src\core\core.dir\release\romfs_controller.obj
f:\custom-build\yuzu-1703\src\core\core.dir\release\save_data_controller.obj
f:\custom-build\yuzu-1703\src\core\core.dir\release\bgtc.obj
f:\custom-build\yuzu-1703\src\core\core.dir\release\hid_server.obj
f:\custom-build\yuzu-1703\src\core\core.dir\release\language.obj
f:\custom-build\yuzu-1703\src\core\core.dir\release\nvhost_nvdec_common.obj
f:\custom-build\yuzu-1703\src\core\core.dir\release\nvnflinger.obj
f:\custom-build\yuzu-1703\src\core\core.dir\release\vi.obj
f:\custom-build\yuzu-1703\src\core\core.dir\release\partition_data_manager.obj
f:\custom-build\yuzu-1703\src\core\core.dir\release\fssystem_nca_header.obj
f:\custom-build\yuzu-1703\src\core\core.dir\release\fssystem_sparse_storage.obj
f:\custom-build\yuzu-1703\src\core\core.dir\release\romfs_factory.obj
f:\custom-build\yuzu-1703\src\core\core.dir\release\system_archive.obj
f:\custom-build\yuzu-1703\src\core\core.dir\release\vfs_concat.obj
f:\custom-build\yuzu-1703\src\core\core.dir\release\xts_archive.obj
f:\custom-build\yuzu-1703\src\core\core.dir\release\k_session_request.obj
f:\custom-build\yuzu-1703\src\core\core.dir\release\k_system_resource.obj
f:\custom-build\yuzu-1703\src\core\core.dir\release\svc_activity.obj
f:\custom-build\yuzu-1703\src\core\core.dir\release\svc_io_pool.obj
f:\custom-build\yuzu-1703\src\core\core.dir\release\svc_lock.obj
f:\custom-build\yuzu-1703\src\core\core.dir\release\svc_port.obj
f:\custom-build\yuzu-1703\src\core\core.dir\release\svc_resource_limit.obj
f:\custom-build\yuzu-1703\src\core\core.dir\release\applet_cabinet.obj
f:\custom-build\yuzu-1703\src\core\core.dir\release\application_creator.obj
f:\custom-build\yuzu-1703\src\core\core.dir\release\home_menu_functions.obj
f:\custom-build\yuzu-1703\src\core\core.dir\release\self_controller.obj
f:\custom-build\yuzu-1703\src\core\core.dir\release\bcat.obj
f:\custom-build\yuzu-1703\src\core\core.dir\release\caps_a.obj
f:\custom-build\yuzu-1703\src\core\core.dir\release\fsp_pr.obj
f:\custom-build\yuzu-1703\src\core\core.dir\release\ectx.obj
f:\custom-build\yuzu-1703\src\core\core.dir\release\hid_debug_server.obj
f:\custom-build\yuzu-1703\src\core\core.dir\release\ldr.obj
f:\custom-build\yuzu-1703\src\core\core.dir\release\mii_database.obj
f:\custom-build\yuzu-1703\src\core\core.dir\release\core_data.obj
f:\custom-build\yuzu-1703\src\core\core.dir\release\ncm.obj
f:\custom-build\yuzu-1703\src\core\core.dir\release\nim.obj
f:\custom-build\yuzu-1703\src\core\core.dir\release\nvhost_nvdec.obj
f:\custom-build\yuzu-1703\src\core\core.dir\release\fb_share_buffer_manager.obj
f:\custom-build\yuzu-1703\src\core\core.dir\release\standard_user_system_clock_core.obj
f:\custom-build\yuzu-1703\src\core\core.dir\release\system_clock.obj
f:\custom-build\yuzu-1703\src\core\core.dir\release\factory_settings_server.obj
f:\custom-build\yuzu-1703\src\core\core.dir\release\nsd.obj
f:\custom-build\yuzu-1703\src\core\core.dir\release\spl.obj
f:\custom-build\yuzu-1703\src\core\core.dir\release\network.obj
f:\custom-build\yuzu-1703\src\core\core.dir\release\jit_context.obj
f:\custom-build\yuzu-1703\src\core\core.dir\release\debug.obj
f:\custom-build\yuzu-1703\src\core\core.dir\release\fssystem_aes_xts_storage.obj
f:\custom-build\yuzu-1703\src\core\core.dir\release\fssystem_utility.obj
f:\custom-build\yuzu-1703\src\core\core.dir\release\partition_filesystem.obj
f:\custom-build\yuzu-1703\src\core\core.dir\release\font_chinese_traditional.obj
f:\custom-build\yuzu-1703\src\core\core.dir\release\font_nintendo_extended.obj
f:\custom-build\yuzu-1703\src\core\core.dir\release\mii_model.obj
f:\custom-build\yuzu-1703\src\core\core.dir\release\vfs_cached.obj
f:\custom-build\yuzu-1703\src\core\core.dir\release\cabinet.obj
f:\custom-build\yuzu-1703\src\core\core.dir\release\mii_edit.obj
f:\custom-build\yuzu-1703\src\core\core.dir\release\software_keyboard.obj
f:\custom-build\yuzu-1703\src\core\core.dir\release\k_client_port.obj
f:\custom-build\yuzu-1703\src\core\core.dir\release\k_event.obj
f:\custom-build\yuzu-1703\src\core\core.dir\release\k_light_session.obj
f:\custom-build\yuzu-1703\src\core\core.dir\release\k_page_buffer.obj
f:\custom-build\yuzu-1703\src\core\core.dir\release\k_page_heap.obj
f:\custom-build\yuzu-1703\src\core\core.dir\release\k_server_port.obj
f:\custom-build\yuzu-1703\src\core\core.dir\release\k_worker_task_manager.obj
f:\custom-build\yuzu-1703\src\core\core.dir\release\svc_debug_string.obj
f:\custom-build\yuzu-1703\src\core\core.dir\release\svc_info.obj
f:\custom-build\yuzu-1703\src\core\core.dir\release\applet_web_browser.obj
f:\custom-build\yuzu-1703\src\core\core.dir\release\storage.obj
f:\custom-build\yuzu-1703\src\core\core.dir\release\audout_u.obj
f:\custom-build\yuzu-1703\src\core\core.dir\release\fs_i_file.obj
f:\custom-build\yuzu-1703\src\core\core.dir\release\glue.obj
f:\custom-build\yuzu-1703\src\core\core.dir\release\kernel_helpers.obj
f:\custom-build\yuzu-1703\src\core\core.dir\release\mii_database_manager.obj
f:\custom-build\yuzu-1703\src\core\core.dir\release\device.obj
f:\custom-build\yuzu-1703\src\core\core.dir\release\pm.obj
f:\custom-build\yuzu-1703\src\core\core.dir\release\power_state_request_manager.obj
f:\custom-build\yuzu-1703\src\core\core.dir\release\psm.obj
f:\custom-build\yuzu-1703\src\core\core.dir\release\system_settings.obj
f:\custom-build\yuzu-1703\src\core\core.dir\release\vi_display.obj
f:\custom-build\yuzu-1703\src\core\core.dir\release\nca.obj
f:\custom-build\yuzu-1703\src\core\core.dir\release\perf_stats.obj
f:\custom-build\yuzu-1703\src\core\core.dir\release\file_sys\system_archive\time_zone_binary.cpp.obj
f:\custom-build\yuzu-1703\src\core\core.dir\release\hle\kernel\board\nintendo\nx\k_memory_layout.cpp.obj
f:\custom-build\yuzu-1703\src\core\core.dir\release\hle\kernel\k_memory_layout.cpp.obj
f:\custom-build\yuzu-1703\src\core\core.dir\release\hle\service\glue\time\static.cpp.obj
f:\custom-build\yuzu-1703\src\core\core.dir\release\hle\service\glue\time\time_zone.cpp.obj
f:\custom-build\yuzu-1703\src\core\core.dir\release\hle\service\glue\time\time_zone_binary.cpp.obj
f:\custom-build\yuzu-1703\src\core\core.dir\release\hle\service\nvdrv\core\nvmap.cpp.obj
f:\custom-build\yuzu-1703\src\core\core.dir\release\hle\service\nvdrv\devices\nvmap.cpp.obj
f:\custom-build\yuzu-1703\src\core\core.dir\release\hle\service\psc\time\static.cpp.obj
f:\custom-build\yuzu-1703\src\core\core.dir\release\hle\service\psc\time\time_zone.cpp.obj
f:\custom-build\yuzu-1703\src\core\cmakefiles\generate.stamp
f:\custom-build\yuzu-1703\src\core\release\core.lib
f:\custom-build\yuzu-1703\src\core\core.dir\release\core.tlog\cl.command.1.tlog
f:\custom-build\yuzu-1703\src\core\core.dir\release\core.tlog\cl.items.tlog
f:\custom-build\yuzu-1703\src\core\core.dir\release\core.tlog\cl.read.1.tlog
f:\custom-build\yuzu-1703\src\core\core.dir\release\core.tlog\cl.write.1.tlog
f:\custom-build\yuzu-1703\src\core\core.dir\release\core.tlog\custombuild.command.1.tlog
f:\custom-build\yuzu-1703\src\core\core.dir\release\core.tlog\custombuild.read.1.tlog
f:\custom-build\yuzu-1703\src\core\core.dir\release\core.tlog\custombuild.write.1.tlog
f:\custom-build\yuzu-1703\src\core\core.dir\release\core.tlog\lib-link.read.1.tlog
f:\custom-build\yuzu-1703\src\core\core.dir\release\core.tlog\lib-link.write.1.tlog
f:\custom-build\yuzu-1703\src\core\core.dir\release\core.tlog\lib.command.1.tlog
