  Building Custom Rule C:/Users/curti/yuzu/src/core/CMakeLists.txt
  cmake_pch.cxx
  arm_interface.cpp
  debug.cpp
  exclusive_monitor.cpp
  symbols.cpp
  constants.cpp
  core.cpp
  core_timing.cpp
  cpu_manager.cpp
  aes_util.cpp
  ctr_encryption_layer.cpp
  encryption_layer.cpp
  key_manager.cpp
  partition_data_manager.cpp
  xts_encryption_layer.cpp
  debugger.cpp
  gdbstub.cpp
  gdbstub_arch.cpp
  device_memory.cpp
  bis_factory.cpp
  card_image.cpp
  content_archive.cpp
  control_metadata.cpp
  fsmitm_romfsbuild.cpp
  fssystem_aes_ctr_counter_extended_storage.cpp
  fssystem_aes_ctr_storage.cpp
  fssystem_aes_xts_storage.cpp
  fssystem_alignment_matching_storage_impl.cpp
  fssystem_bucket_tree.cpp
  fssystem_compression_configuration.cpp
  fssystem_crypto_configuration.cpp
  fssystem_hierarchical_integrity_verification_storage.cpp
  fssystem_hierarchical_sha256_storage.cpp
  fssystem_indirect_storage.cpp
  fssystem_integrity_romfs_storage.cpp
  fssystem_integrity_verification_storage.cpp
  fssystem_nca_file_system_driver.cpp
  fssystem_nca_header.cpp
  fssystem_nca_reader.cpp
  fssystem_pooled_buffer.cpp
  fssystem_sparse_storage.cpp
  fssystem_utility.cpp
  ips_layer.cpp
  kernel_executable.cpp
  nca_metadata.cpp
  partition_filesystem.cpp
  patch_manager.cpp
  program_metadata.cpp
  registered_cache.cpp
  romfs.cpp
  romfs_factory.cpp
  savedata_factory.cpp
  sdmc_factory.cpp
  submission_package.cpp
  font_chinese_simplified.cpp
  font_chinese_traditional.cpp
  font_extended_chinese_simplified.cpp
  font_korean.cpp
  font_nintendo_extended.cpp
  font_standard.cpp
  mii_model.cpp
  ng_word.cpp
  shared_font.cpp
  system_archive.cpp
  system_version.cpp
  vfs.cpp
  vfs_cached.cpp
  vfs_concat.cpp
  vfs_layered.cpp
  vfs_offset.cpp
  vfs_real.cpp
  vfs_vector.cpp
  xts_archive.cpp
  cabinet.cpp
  controller.cpp
  error.cpp
  general.cpp
  mii_edit.cpp
  profile_select.cpp
  software_keyboard.cpp
  web_browser.cpp
  emu_window.cpp
  framebuffer_layout.cpp
  k_system_control.cpp
  code_set.cpp
  global_scheduler_context.cpp
  init_slab_setup.cpp
  k_address_arbiter.cpp
  k_address_space_info.cpp
  k_auto_object.cpp
  k_auto_object_container.cpp
  k_capabilities.cpp
  k_class_token.cpp
  k_client_port.cpp
  k_client_session.cpp
  k_code_memory.cpp
  k_condition_variable.cpp
  k_device_address_space.cpp
  k_event.cpp
  k_handle_table.cpp
  k_hardware_timer.cpp
  k_interrupt_manager.cpp
  k_light_client_session.cpp
  k_light_condition_variable.cpp
  k_light_lock.cpp
  k_light_server_session.cpp
  k_light_session.cpp
  k_memory_block_manager.cpp
  k_memory_manager.cpp
  k_object_name.cpp
  k_page_buffer.cpp
  k_page_group.cpp
  k_page_heap.cpp
  k_page_table_base.cpp
  k_port.cpp
  k_process.cpp
  k_readable_event.cpp
  k_resource_limit.cpp
  k_scheduler.cpp
  k_server_port.cpp
  k_server_session.cpp
  k_session.cpp
  k_session_request.cpp
  k_shared_memory.cpp
  k_spin_lock.cpp
  k_synchronization_object.cpp
  k_system_resource.cpp
  k_thread.cpp
  k_thread_local_page.cpp
  k_thread_queue.cpp
  k_transfer_memory.cpp
  k_worker_task_manager.cpp
  kernel.cpp
  physical_core.cpp
  svc.cpp
  svc_activity.cpp
  svc_address_arbiter.cpp
  svc_address_translation.cpp
  svc_cache.cpp
  svc_code_memory.cpp
  svc_condition_variable.cpp
  svc_debug.cpp
  svc_debug_string.cpp
  svc_device_address_space.cpp
  svc_event.cpp
  svc_exception.cpp
  svc_info.cpp
  svc_insecure_memory.cpp
  svc_interrupt_event.cpp
  svc_io_pool.cpp
  svc_ipc.cpp
  svc_kernel_debug.cpp
  svc_light_ipc.cpp
  svc_lock.cpp
  svc_memory.cpp
  svc_physical_memory.cpp
  svc_port.cpp
  svc_power_management.cpp
  svc_process.cpp
  svc_process_memory.cpp
  svc_processor.cpp
  svc_query_memory.cpp
  svc_register.cpp
  svc_resource_limit.cpp
  svc_secure_monitor_call.cpp
  svc_session.cpp
  svc_shared_memory.cpp
  svc_synchronization.cpp
  svc_thread.cpp
  svc_thread_profiler.cpp
  svc_tick.cpp
  svc_transfer_memory.cpp
  acc.cpp
  acc_aa.cpp
  acc_su.cpp
  acc_u0.cpp
  acc_u1.cpp
  async_context.cpp
  profile_manager.cpp
  applet_cabinet.cpp
  applet_controller.cpp
  applet_error.cpp
  applet_general.cpp
  applet_mii_edit.cpp
  applet_profile_select.cpp
  applet_software_keyboard.cpp
  applet_web_browser.cpp
  applets.cpp
  am.cpp
  applet.cpp
  applet_ae.cpp
  applet_manager.cpp
  applet_data_broker.cpp
  applet_oe.cpp
  applet_common_functions.cpp
  applet_message_queue.cpp
  application_creator.cpp
  application_functions.cpp
  application_proxy.cpp
  audio_controller.cpp
  common_state_getter.cpp
  debug_functions.cpp
  display_controller.cpp
  global_state_controller.cpp
  hid_registration.cpp
  home_menu_functions.cpp
  idle.cpp
  library_applet_accessor.cpp
  library_applet_creator.cpp
  library_applet_proxy.cpp
  library_applet_self_accessor.cpp
  library_applet_storage.cpp
  lock_accessor.cpp
  managed_layer_holder.cpp
  omm.cpp
  process_winding_controller.cpp
  process.cpp
  self_controller.cpp
  system_applet_proxy.cpp
  system_buffer_manager.cpp
  spsm.cpp
  storage_accessor.cpp
  storage.cpp
  window_controller.cpp
  aoc_u.cpp
  apm.cpp
  apm_controller.cpp
  apm_interface.cpp
  audctl.cpp
  audin_u.cpp
  audio.cpp
  audout_u.cpp
  audrec_a.cpp
  audrec_u.cpp
  audren_u.cpp
  hwopus.cpp
  backend.cpp
  bcat.cpp
  bcat_module.cpp
  bpc.cpp
  btdrv.cpp
  btm.cpp
  caps.cpp
  caps_a.cpp
  caps_c.cpp
  caps_manager.cpp
  caps_sc.cpp
  caps_ss.cpp
  caps_su.cpp
  caps_u.cpp
  erpt.cpp
  es.cpp
  eupld.cpp
  event.cpp
  fatal.cpp
  fatal_p.cpp
  fatal_u.cpp
  fgm.cpp
  filesystem.cpp
  fs_i_directory.cpp
  fs_i_file.cpp
  fs_i_filesystem.cpp
  fs_i_storage.cpp
  fsp_ldr.cpp
  fsp_pr.cpp
  fsp_srv.cpp
  romfs_controller.cpp
  save_data_controller.cpp
  friend.cpp
  friend_interface.cpp
  arp.cpp
  bgtc.cpp
  ectx.cpp
  glue.cpp
  glue_manager.cpp
  notif.cpp
  alarm_worker.cpp
  file_timestamp_worker.cpp
  manager.cpp
  pm_state_change_handler.cpp
  standard_steady_clock_resource.cpp
  worker.cpp
  grc.cpp
  hid.cpp
  hid_debug_server.cpp
  hid_server.cpp
  hid_system_server.cpp
  hidbus.cpp
  irs.cpp
  xcd.cpp
  hle_ipc.cpp
  kernel_helpers.cpp
  lbl.cpp
  lan_discovery.cpp
  ldn.cpp
  ldr.cpp
  lm.cpp
  mig.cpp
  mii.cpp
  mii_database.cpp
  mii_database_manager.cpp
  mii_manager.cpp
  char_info.cpp
  core_data.cpp
  raw_data.cpp
  store_data.cpp
  ver3_store_data.cpp
  mm_u.cpp
  mnpp_app.cpp
  mutex.cpp
  ncm.cpp
  amiibo_crypto.cpp
  device.cpp
  device_manager.cpp
  nfc.cpp
  nfc_interface.cpp
  nfp.cpp
  nfp_interface.cpp
  ngc.cpp
  nifm.cpp
  nim.cpp
  npns.cpp
  iplatform_service_manager.cpp
  language.cpp
  ns.cpp
  pdm_qry.cpp
  container.cpp
  heap_mapper.cpp
  syncpoint_manager.cpp
  nvdisp_disp0.cpp
  nvhost_as_gpu.cpp
  nvhost_ctrl.cpp
  nvhost_ctrl_gpu.cpp
  nvhost_gpu.cpp
  nvhost_nvdec.cpp
  nvhost_nvdec_common.cpp
  nvhost_nvjpg.cpp
  nvhost_vic.cpp
  nvdrv.cpp
  nvdrv_interface.cpp
  nvmemp.cpp
  buffer_item_consumer.cpp
  buffer_queue_consumer.cpp
  buffer_queue_core.cpp
  buffer_queue_producer.cpp
  consumer_base.cpp
  fb_share_buffer_manager.cpp
  graphic_buffer_producer.cpp
  hos_binder_driver_server.cpp
  hardware_composer.cpp
  nvnflinger.cpp
  graphic_buffer.cpp
  olsc.cpp
  pcie.cpp
  pctl.cpp
  pctl_module.cpp
  pcv.cpp
  pm.cpp
  prepo.cpp
  psc.cpp
  alarms.cpp
  context_writers.cpp
  standard_local_system_clock_core.cpp
  standard_network_system_clock_core.cpp
  standard_steady_clock_core.cpp
  standard_user_system_clock_core.cpp
  system_clock_core.cpp
  tick_based_steady_clock_core.cpp
  common.cpp
  shared_memory.cpp
  power_state_service.cpp
  service_manager.cpp
  steady_clock.cpp
  system_clock.cpp
  time_zone_service.cpp
  power_state_request_manager.cpp
  psm.cpp
  ptm.cpp
  ts.cpp
  ro.cpp
  ro_nro_utils.cpp
  server_manager.cpp
  service.cpp
  appln_settings.cpp
  device_settings.cpp
  system_settings.cpp
  private_settings.cpp
  factory_settings_server.cpp
  firmware_debug_settings_server.cpp
  settings.cpp
  settings_server.cpp
  system_settings_server.cpp
  sm.cpp
  sm_controller.cpp
  bsd.cpp
  nsd.cpp
  sfdnsres.cpp
  sockets.cpp
  sockets_translate.cpp
  csrng.cpp
  spl.cpp
  spl_module.cpp
  ssl.cpp
  usb.cpp
  vi_display.cpp
  vi_layer.cpp
  vi.cpp
  vi_m.cpp
  vi_s.cpp
  vi_u.cpp
  network.cpp
  network_interface.cpp
  socket_proxy.cpp
  deconstructed_rom_directory.cpp
  kip.cpp
  loader.cpp
  nax.cpp
  nca.cpp
  nro.cpp
  nso.cpp
  nsp.cpp
  xci.cpp
  memory.cpp
  cheat_engine.cpp
  dmnt_cheat_vm.cpp
  perf_stats.cpp
  reporter.cpp
  telemetry_session.cpp
  freezer.cpp
  renderdoc.cpp
  arm_dynarmic.cpp
  arm_dynarmic_64.cpp
  arm_dynarmic_32.cpp
  dynarmic_cp15.cpp
  dynarmic_exclusive_monitor.cpp
  jit_code_memory.cpp
  jit_context.cpp
  jit.cpp
  ssl_backend_schannel.cpp
  time_zone_binary.cpp
  k_memory_layout.cpp
  k_memory_layout.cpp
  static.cpp
  time_zone.cpp
  time_zone_binary.cpp
  nvmap.cpp
  nvmap.cpp
  static.cpp
  time_zone.cpp
  core.vcxproj -> F:\custom-build\Yuzu-1703\src\core\Release\core.lib
