f:\custom-build\yuzu-1662\src\network\network.dir\release\cmake_pch.pch
f:\custom-build\yuzu-1662\src\network\network.dir\release\cmake_pch.obj
f:\custom-build\yuzu-1662\src\network\network.dir\release\verify_user.obj
f:\custom-build\yuzu-1662\src\network\network.dir\release\packet.obj
f:\custom-build\yuzu-1662\src\network\network.dir\release\announce_multiplayer_session.obj
f:\custom-build\yuzu-1662\src\network\network.dir\release\network.obj
f:\custom-build\yuzu-1662\src\network\network.dir\release\room.obj
f:\custom-build\yuzu-1662\src\network\network.dir\release\room_member.obj
f:\custom-build\yuzu-1662\src\network\cmakefiles\generate.stamp
f:\custom-build\yuzu-1662\src\network\release\network.lib
f:\custom-build\yuzu-1662\src\network\network.dir\release\network.tlog\cl.command.1.tlog
f:\custom-build\yuzu-1662\src\network\network.dir\release\network.tlog\cl.items.tlog
f:\custom-build\yuzu-1662\src\network\network.dir\release\network.tlog\cl.read.1.tlog
f:\custom-build\yuzu-1662\src\network\network.dir\release\network.tlog\cl.write.1.tlog
f:\custom-build\yuzu-1662\src\network\network.dir\release\network.tlog\custombuild.command.1.tlog
f:\custom-build\yuzu-1662\src\network\network.dir\release\network.tlog\custombuild.read.1.tlog
f:\custom-build\yuzu-1662\src\network\network.dir\release\network.tlog\custombuild.write.1.tlog
f:\custom-build\yuzu-1662\src\network\network.dir\release\network.tlog\lib-link.read.1.tlog
f:\custom-build\yuzu-1662\src\network\network.dir\release\network.tlog\lib-link.write.1.tlog
f:\custom-build\yuzu-1662\src\network\network.dir\release\network.tlog\lib.command.1.tlog
