  Building Custom Rule C:/Users/curti/yuzu/src/audio_core/CMakeLists.txt
  cmake_pch.cxx
  adsp.cpp
  command_list_processor.cpp
  opus_decoder.cpp
  opus_decode_object.cpp
  opus_multistream_decode_object.cpp
  audio_core.cpp
  audio_event.cpp
  audio_render_manager.cpp
  audio_in_manager.cpp
  audio_out_manager.cpp
  audio_manager.cpp
  device_session.cpp
  audio_in.cpp
  audio_in_system.cpp
  hardware_opus.cpp
  decoder_manager.cpp
  decoder.cpp
  audio_out.cpp
  audio_out_system.cpp
  audio_device.cpp
  behavior_info.cpp
  info_updater.cpp
  adpcm.cpp
  decode.cpp
  pcm_float.cpp
  pcm_int16.cpp
  i3dl2_reverb.cpp
  multi_tap_biquad_filter.cpp
  clear_mix.cpp
  copy_mix.cpp
  depop_for_mix_buffers.cpp
  depop_prepare.cpp
  mix.cpp
  mix_ramp.cpp
  mix_ramp_grouped.cpp
  volume.cpp
  volume_ramp.cpp
  performance.cpp
  downmix_6ch_to_2ch.cpp
  resample.cpp
  upsample.cpp
  device.cpp
  circular_buffer.cpp
  command_buffer.cpp
  command_generator.cpp
  command_processing_time_estimator.cpp
  buffer_mixer.cpp
  effect_context.cpp
  i3dl2.cpp
  mix_context.cpp
  mix_info.cpp
  memory_pool_info.cpp
  pool_mapper.cpp
  edge_matrix.cpp
  node_states.cpp
  detail_aspect.cpp
  entry_aspect.cpp
  performance_manager.cpp
  circular_buffer_sink_info.cpp
  device_sink_info.cpp
  sink_context.cpp
  sink_info_base.cpp
  splitter_context.cpp
  splitter_destinations_data.cpp
  splitter_info.cpp
  system.cpp
  system_manager.cpp
  upsampler_manager.cpp
  voice_context.cpp
  voice_info.cpp
  sink_details.cpp
  sink_stream.cpp
  cubeb_sink.cpp
  sdl2_sink.cpp
  audio_renderer.cpp
  audio_renderer.cpp
  aux_.cpp
  biquad_filter.cpp
  capture.cpp
  compressor.cpp
  delay.cpp
  light_limiter.cpp
  reverb.cpp
  aux_.cpp
  biquad_filter.cpp
  capture.cpp
  compressor.cpp
  delay.cpp
  light_limiter.cpp
  reverb.cpp
  audio_core.vcxproj -> F:\custom-build\Yuzu-1703\src\audio_core\Release\audio_core.lib
