f:\custom-build\yuzu-1662\src\audio_core\audio_core.dir\release\cmake_pch.pch
f:\custom-build\yuzu-1662\src\audio_core\audio_core.dir\release\cmake_pch.obj
f:\custom-build\yuzu-1662\src\audio_core\audio_core.dir\release\audio_event.obj
f:\custom-build\yuzu-1662\src\audio_core\audio_core.dir\release\audio_out_system.obj
f:\custom-build\yuzu-1662\src\audio_core\audio_core.dir\release\memory_pool_info.obj
f:\custom-build\yuzu-1662\src\audio_core\audio_core.dir\release\detail_aspect.obj
f:\custom-build\yuzu-1662\src\audio_core\audio_core.dir\release\sdl2_sink.obj
f:\custom-build\yuzu-1662\src\audio_core\audio_core.dir\release\audio_in_system.obj
f:\custom-build\yuzu-1662\src\audio_core\audio_core.dir\release\effect_context.obj
f:\custom-build\yuzu-1662\src\audio_core\audio_core.dir\release\entry_aspect.obj
f:\custom-build\yuzu-1662\src\audio_core\audio_core.dir\release\voice_info.obj
f:\custom-build\yuzu-1662\src\audio_core\audio_core.dir\release\audio_out_manager.obj
f:\custom-build\yuzu-1662\src\audio_core\audio_core.dir\release\splitter_context.obj
f:\custom-build\yuzu-1662\src\audio_core\audio_core.dir\release\opus_decoder.obj
f:\custom-build\yuzu-1662\src\audio_core\audio_core.dir\release\pool_mapper.obj
f:\custom-build\yuzu-1662\src\audio_core\audio_core.dir\release\audio_core.obj
f:\custom-build\yuzu-1662\src\audio_core\audio_core.dir\release\mix.obj
f:\custom-build\yuzu-1662\src\audio_core\audio_core.dir\release\downmix_6ch_to_2ch.obj
f:\custom-build\yuzu-1662\src\audio_core\audio_core.dir\release\buffer_mixer.obj
f:\custom-build\yuzu-1662\src\audio_core\audio_core.dir\release\edge_matrix.obj
f:\custom-build\yuzu-1662\src\audio_core\audio_core.dir\release\sink_context.obj
f:\custom-build\yuzu-1662\src\audio_core\audio_core.dir\release\system_manager.obj
f:\custom-build\yuzu-1662\src\audio_core\audio_core.dir\release\hardware_opus.obj
f:\custom-build\yuzu-1662\src\audio_core\audio_core.dir\release\pcm_float.obj
f:\custom-build\yuzu-1662\src\audio_core\audio_core.dir\release\clear_mix.obj
f:\custom-build\yuzu-1662\src\audio_core\audio_core.dir\release\depop_for_mix_buffers.obj
f:\custom-build\yuzu-1662\src\audio_core\audio_core.dir\release\resample.obj
f:\custom-build\yuzu-1662\src\audio_core\audio_core.dir\release\command_processing_time_estimator.obj
f:\custom-build\yuzu-1662\src\audio_core\audio_core.dir\release\adsp.obj
f:\custom-build\yuzu-1662\src\audio_core\audio_core.dir\release\info_updater.obj
f:\custom-build\yuzu-1662\src\audio_core\audio_core.dir\release\i3dl2_reverb.obj
f:\custom-build\yuzu-1662\src\audio_core\audio_core.dir\release\upsample.obj
f:\custom-build\yuzu-1662\src\audio_core\audio_core.dir\release\mix_info.obj
f:\custom-build\yuzu-1662\src\audio_core\audio_core.dir\release\device_sink_info.obj
f:\custom-build\yuzu-1662\src\audio_core\audio_core.dir\release\voice_context.obj
f:\custom-build\yuzu-1662\src\audio_core\audio_core.dir\release\audio_in.obj
f:\custom-build\yuzu-1662\src\audio_core\audio_core.dir\release\mix_context.obj
f:\custom-build\yuzu-1662\src\audio_core\audio_core.dir\release\upsampler_manager.obj
f:\custom-build\yuzu-1662\src\audio_core\audio_core.dir\release\device_session.obj
f:\custom-build\yuzu-1662\src\audio_core\audio_core.dir\release\device.obj
f:\custom-build\yuzu-1662\src\audio_core\audio_core.dir\release\node_states.obj
f:\custom-build\yuzu-1662\src\audio_core\audio_core.dir\release\splitter_info.obj
f:\custom-build\yuzu-1662\src\audio_core\audio_core.dir\release\sink_stream.obj
f:\custom-build\yuzu-1662\src\audio_core\audio_core.dir\release\decoder_manager.obj
f:\custom-build\yuzu-1662\src\audio_core\audio_core.dir\release\audio_device.obj
f:\custom-build\yuzu-1662\src\audio_core\audio_core.dir\release\depop_prepare.obj
f:\custom-build\yuzu-1662\src\audio_core\audio_core.dir\release\volume_ramp.obj
f:\custom-build\yuzu-1662\src\audio_core\audio_core.dir\release\command_generator.obj
f:\custom-build\yuzu-1662\src\audio_core\audio_core.dir\release\splitter_destinations_data.obj
f:\custom-build\yuzu-1662\src\audio_core\audio_core.dir\release\audio_in_manager.obj
f:\custom-build\yuzu-1662\src\audio_core\audio_core.dir\release\audio_manager.obj
f:\custom-build\yuzu-1662\src\audio_core\audio_core.dir\release\behavior_info.obj
f:\custom-build\yuzu-1662\src\audio_core\audio_core.dir\release\decode.obj
f:\custom-build\yuzu-1662\src\audio_core\audio_core.dir\release\mix_ramp_grouped.obj
f:\custom-build\yuzu-1662\src\audio_core\audio_core.dir\release\circular_buffer.obj
f:\custom-build\yuzu-1662\src\audio_core\audio_core.dir\release\i3dl2.obj
f:\custom-build\yuzu-1662\src\audio_core\audio_core.dir\release\circular_buffer_sink_info.obj
f:\custom-build\yuzu-1662\src\audio_core\audio_core.dir\release\system.obj
f:\custom-build\yuzu-1662\src\audio_core\audio_core.dir\release\opus_multistream_decode_object.obj
f:\custom-build\yuzu-1662\src\audio_core\audio_core.dir\release\audio_out.obj
f:\custom-build\yuzu-1662\src\audio_core\audio_core.dir\release\performance_manager.obj
f:\custom-build\yuzu-1662\src\audio_core\audio_core.dir\release\sink_details.obj
f:\custom-build\yuzu-1662\src\audio_core\audio_core.dir\release\opus_decode_object.obj
f:\custom-build\yuzu-1662\src\audio_core\audio_core.dir\release\decoder.obj
f:\custom-build\yuzu-1662\src\audio_core\audio_core.dir\release\adpcm.obj
f:\custom-build\yuzu-1662\src\audio_core\audio_core.dir\release\multi_tap_biquad_filter.obj
f:\custom-build\yuzu-1662\src\audio_core\audio_core.dir\release\mix_ramp.obj
f:\custom-build\yuzu-1662\src\audio_core\audio_core.dir\release\performance.obj
f:\custom-build\yuzu-1662\src\audio_core\audio_core.dir\release\command_list_processor.obj
f:\custom-build\yuzu-1662\src\audio_core\audio_core.dir\release\audio_render_manager.obj
f:\custom-build\yuzu-1662\src\audio_core\audio_core.dir\release\pcm_int16.obj
f:\custom-build\yuzu-1662\src\audio_core\audio_core.dir\release\copy_mix.obj
f:\custom-build\yuzu-1662\src\audio_core\audio_core.dir\release\volume.obj
f:\custom-build\yuzu-1662\src\audio_core\audio_core.dir\release\command_buffer.obj
f:\custom-build\yuzu-1662\src\audio_core\audio_core.dir\release\sink_info_base.obj
f:\custom-build\yuzu-1662\src\audio_core\audio_core.dir\release\cubeb_sink.obj
f:\custom-build\yuzu-1662\src\audio_core\audio_core.dir\release\adsp\apps\audio_renderer\audio_renderer.cpp.obj
f:\custom-build\yuzu-1662\src\audio_core\audio_core.dir\release\renderer\audio_renderer.cpp.obj
f:\custom-build\yuzu-1662\src\audio_core\audio_core.dir\release\renderer\command\effect\aux_.cpp.obj
f:\custom-build\yuzu-1662\src\audio_core\audio_core.dir\release\renderer\command\effect\biquad_filter.cpp.obj
f:\custom-build\yuzu-1662\src\audio_core\audio_core.dir\release\renderer\command\effect\capture.cpp.obj
f:\custom-build\yuzu-1662\src\audio_core\audio_core.dir\release\renderer\command\effect\compressor.cpp.obj
f:\custom-build\yuzu-1662\src\audio_core\audio_core.dir\release\renderer\command\effect\delay.cpp.obj
f:\custom-build\yuzu-1662\src\audio_core\audio_core.dir\release\renderer\command\effect\light_limiter.cpp.obj
f:\custom-build\yuzu-1662\src\audio_core\audio_core.dir\release\renderer\command\effect\reverb.cpp.obj
f:\custom-build\yuzu-1662\src\audio_core\audio_core.dir\release\renderer\effect\aux_.cpp.obj
f:\custom-build\yuzu-1662\src\audio_core\audio_core.dir\release\renderer\effect\biquad_filter.cpp.obj
f:\custom-build\yuzu-1662\src\audio_core\audio_core.dir\release\renderer\effect\capture.cpp.obj
f:\custom-build\yuzu-1662\src\audio_core\audio_core.dir\release\renderer\effect\compressor.cpp.obj
f:\custom-build\yuzu-1662\src\audio_core\audio_core.dir\release\renderer\effect\delay.cpp.obj
f:\custom-build\yuzu-1662\src\audio_core\audio_core.dir\release\renderer\effect\light_limiter.cpp.obj
f:\custom-build\yuzu-1662\src\audio_core\audio_core.dir\release\renderer\effect\reverb.cpp.obj
f:\custom-build\yuzu-1662\src\audio_core\cmakefiles\generate.stamp
f:\custom-build\yuzu-1662\src\audio_core\release\audio_core.lib
f:\custom-build\yuzu-1662\src\audio_core\audio_core.dir\release\audio_core.tlog\cl.command.1.tlog
f:\custom-build\yuzu-1662\src\audio_core\audio_core.dir\release\audio_core.tlog\cl.items.tlog
f:\custom-build\yuzu-1662\src\audio_core\audio_core.dir\release\audio_core.tlog\cl.read.1.tlog
f:\custom-build\yuzu-1662\src\audio_core\audio_core.dir\release\audio_core.tlog\cl.write.1.tlog
f:\custom-build\yuzu-1662\src\audio_core\audio_core.dir\release\audio_core.tlog\custombuild.command.1.tlog
f:\custom-build\yuzu-1662\src\audio_core\audio_core.dir\release\audio_core.tlog\custombuild.read.1.tlog
f:\custom-build\yuzu-1662\src\audio_core\audio_core.dir\release\audio_core.tlog\custombuild.write.1.tlog
f:\custom-build\yuzu-1662\src\audio_core\audio_core.dir\release\audio_core.tlog\lib-link.read.1.tlog
f:\custom-build\yuzu-1662\src\audio_core\audio_core.dir\release\audio_core.tlog\lib-link.write.1.tlog
f:\custom-build\yuzu-1662\src\audio_core\audio_core.dir\release\audio_core.tlog\lib.command.1.tlog
