  Building Custom Rule C:/Users/curti/yuzu/src/hid_core/CMakeLists.txt
  cmake_pch.cxx
  emulated_console.cpp
  emulated_controller.cpp
  emulated_devices.cpp
  input_converter.cpp
  input_interpreter.cpp
  motion_input.cpp
  hidbus_base.cpp
  ringcon.cpp
  starlink.cpp
  stubbed.cpp
  clustering_processor.cpp
  image_transfer_processor.cpp
  ir_led_processor.cpp
  moment_processor.cpp
  pointing_processor.cpp
  processor_base.cpp
  tera_plugin_processor.cpp
  abstract_battery_handler.cpp
  abstract_button_handler.cpp
  abstract_ir_sensor_handler.cpp
  abstract_led_handler.cpp
  abstract_mcu_handler.cpp
  abstract_nfc_handler.cpp
  abstract_pad.cpp
  abstract_pad_holder.cpp
  abstract_palma_handler.cpp
  abstract_properties_handler.cpp
  abstract_sixaxis_handler.cpp
  abstract_vibration_handler.cpp
  debug_pad.cpp
  digitizer.cpp
  keyboard.cpp
  debug_mouse.cpp
  mouse.cpp
  npad.cpp
  npad_data.cpp
  npad_resource.cpp
  npad_vibration.cpp
  palma.cpp
  console_six_axis.cpp
  seven_six_axis.cpp
  six_axis.cpp
  capture_button.cpp
  home_button.cpp
  sleep_button.cpp
  gesture.cpp
  gesture_handler.cpp
  touch_screen.cpp
  touch_screen_driver.cpp
  touch_screen_resource.cpp
  unique_pad.cpp
  gc_vibration_device.cpp
  n64_vibration_device.cpp
  vibration_base.cpp
  vibration_device.cpp
  applet_resource.cpp
  controller_base.cpp
  hid_firmware_settings.cpp
  shared_memory_holder.cpp
  hid_core.cpp
  resource_manager.cpp
  hid_core.vcxproj -> F:\custom-build\Yuzu-1703\src\hid_core\Release\hid_core.lib
