f:\custom-build\yuzu-1703\src\hid_core\hid_core.dir\release\cmake_pch.pch
f:\custom-build\yuzu-1703\src\hid_core\hid_core.dir\release\cmake_pch.obj
f:\custom-build\yuzu-1703\src\hid_core\hid_core.dir\release\input_converter.obj
f:\custom-build\yuzu-1703\src\hid_core\hid_core.dir\release\abstract_pad.obj
f:\custom-build\yuzu-1703\src\hid_core\hid_core.dir\release\abstract_sixaxis_handler.obj
f:\custom-build\yuzu-1703\src\hid_core\hid_core.dir\release\npad.obj
f:\custom-build\yuzu-1703\src\hid_core\hid_core.dir\release\processor_base.obj
f:\custom-build\yuzu-1703\src\hid_core\hid_core.dir\release\abstract_button_handler.obj
f:\custom-build\yuzu-1703\src\hid_core\hid_core.dir\release\abstract_nfc_handler.obj
f:\custom-build\yuzu-1703\src\hid_core\hid_core.dir\release\debug_pad.obj
f:\custom-build\yuzu-1703\src\hid_core\hid_core.dir\release\vibration_base.obj
f:\custom-build\yuzu-1703\src\hid_core\hid_core.dir\release\hid_firmware_settings.obj
f:\custom-build\yuzu-1703\src\hid_core\hid_core.dir\release\starlink.obj
f:\custom-build\yuzu-1703\src\hid_core\hid_core.dir\release\npad_data.obj
f:\custom-build\yuzu-1703\src\hid_core\hid_core.dir\release\six_axis.obj
f:\custom-build\yuzu-1703\src\hid_core\hid_core.dir\release\clustering_processor.obj
f:\custom-build\yuzu-1703\src\hid_core\hid_core.dir\release\home_button.obj
f:\custom-build\yuzu-1703\src\hid_core\hid_core.dir\release\ringcon.obj
f:\custom-build\yuzu-1703\src\hid_core\hid_core.dir\release\console_six_axis.obj
f:\custom-build\yuzu-1703\src\hid_core\hid_core.dir\release\n64_vibration_device.obj
f:\custom-build\yuzu-1703\src\hid_core\hid_core.dir\release\ir_led_processor.obj
f:\custom-build\yuzu-1703\src\hid_core\hid_core.dir\release\abstract_battery_handler.obj
f:\custom-build\yuzu-1703\src\hid_core\hid_core.dir\release\digitizer.obj
f:\custom-build\yuzu-1703\src\hid_core\hid_core.dir\release\gesture_handler.obj
f:\custom-build\yuzu-1703\src\hid_core\hid_core.dir\release\touch_screen.obj
f:\custom-build\yuzu-1703\src\hid_core\hid_core.dir\release\touch_screen_resource.obj
f:\custom-build\yuzu-1703\src\hid_core\hid_core.dir\release\emulated_console.obj
f:\custom-build\yuzu-1703\src\hid_core\hid_core.dir\release\npad_vibration.obj
f:\custom-build\yuzu-1703\src\hid_core\hid_core.dir\release\gc_vibration_device.obj
f:\custom-build\yuzu-1703\src\hid_core\hid_core.dir\release\emulated_controller.obj
f:\custom-build\yuzu-1703\src\hid_core\hid_core.dir\release\unique_pad.obj
f:\custom-build\yuzu-1703\src\hid_core\hid_core.dir\release\moment_processor.obj
f:\custom-build\yuzu-1703\src\hid_core\hid_core.dir\release\capture_button.obj
f:\custom-build\yuzu-1703\src\hid_core\hid_core.dir\release\pointing_processor.obj
f:\custom-build\yuzu-1703\src\hid_core\hid_core.dir\release\abstract_ir_sensor_handler.obj
f:\custom-build\yuzu-1703\src\hid_core\hid_core.dir\release\abstract_pad_holder.obj
f:\custom-build\yuzu-1703\src\hid_core\hid_core.dir\release\abstract_properties_handler.obj
f:\custom-build\yuzu-1703\src\hid_core\hid_core.dir\release\debug_mouse.obj
f:\custom-build\yuzu-1703\src\hid_core\hid_core.dir\release\applet_resource.obj
f:\custom-build\yuzu-1703\src\hid_core\hid_core.dir\release\emulated_devices.obj
f:\custom-build\yuzu-1703\src\hid_core\hid_core.dir\release\seven_six_axis.obj
f:\custom-build\yuzu-1703\src\hid_core\hid_core.dir\release\stubbed.obj
f:\custom-build\yuzu-1703\src\hid_core\hid_core.dir\release\keyboard.obj
f:\custom-build\yuzu-1703\src\hid_core\hid_core.dir\release\shared_memory_holder.obj
f:\custom-build\yuzu-1703\src\hid_core\hid_core.dir\release\hidbus_base.obj
f:\custom-build\yuzu-1703\src\hid_core\hid_core.dir\release\abstract_mcu_handler.obj
f:\custom-build\yuzu-1703\src\hid_core\hid_core.dir\release\abstract_palma_handler.obj
f:\custom-build\yuzu-1703\src\hid_core\hid_core.dir\release\abstract_vibration_handler.obj
f:\custom-build\yuzu-1703\src\hid_core\hid_core.dir\release\gesture.obj
f:\custom-build\yuzu-1703\src\hid_core\hid_core.dir\release\touch_screen_driver.obj
f:\custom-build\yuzu-1703\src\hid_core\hid_core.dir\release\resource_manager.obj
f:\custom-build\yuzu-1703\src\hid_core\hid_core.dir\release\image_transfer_processor.obj
f:\custom-build\yuzu-1703\src\hid_core\hid_core.dir\release\npad_resource.obj
f:\custom-build\yuzu-1703\src\hid_core\hid_core.dir\release\sleep_button.obj
f:\custom-build\yuzu-1703\src\hid_core\hid_core.dir\release\vibration_device.obj
f:\custom-build\yuzu-1703\src\hid_core\hid_core.dir\release\input_interpreter.obj
f:\custom-build\yuzu-1703\src\hid_core\hid_core.dir\release\palma.obj
f:\custom-build\yuzu-1703\src\hid_core\hid_core.dir\release\motion_input.obj
f:\custom-build\yuzu-1703\src\hid_core\hid_core.dir\release\tera_plugin_processor.obj
f:\custom-build\yuzu-1703\src\hid_core\hid_core.dir\release\abstract_led_handler.obj
f:\custom-build\yuzu-1703\src\hid_core\hid_core.dir\release\mouse.obj
f:\custom-build\yuzu-1703\src\hid_core\hid_core.dir\release\controller_base.obj
f:\custom-build\yuzu-1703\src\hid_core\hid_core.dir\release\hid_core.obj
f:\custom-build\yuzu-1703\src\hid_core\cmakefiles\generate.stamp
f:\custom-build\yuzu-1703\src\hid_core\release\hid_core.lib
f:\custom-build\yuzu-1703\src\hid_core\hid_core.dir\release\hid_core.tlog\cl.command.1.tlog
f:\custom-build\yuzu-1703\src\hid_core\hid_core.dir\release\hid_core.tlog\cl.items.tlog
f:\custom-build\yuzu-1703\src\hid_core\hid_core.dir\release\hid_core.tlog\cl.read.1.tlog
f:\custom-build\yuzu-1703\src\hid_core\hid_core.dir\release\hid_core.tlog\cl.write.1.tlog
f:\custom-build\yuzu-1703\src\hid_core\hid_core.dir\release\hid_core.tlog\custombuild.command.1.tlog
f:\custom-build\yuzu-1703\src\hid_core\hid_core.dir\release\hid_core.tlog\custombuild.read.1.tlog
f:\custom-build\yuzu-1703\src\hid_core\hid_core.dir\release\hid_core.tlog\custombuild.write.1.tlog
f:\custom-build\yuzu-1703\src\hid_core\hid_core.dir\release\hid_core.tlog\lib-link.read.1.tlog
f:\custom-build\yuzu-1703\src\hid_core\hid_core.dir\release\hid_core.tlog\lib-link.write.1.tlog
f:\custom-build\yuzu-1703\src\hid_core\hid_core.dir\release\hid_core.tlog\lib.command.1.tlog
