f:\custom-build\yuzu-1662\src\yuzu\yuzu.dir\release\cmake_pch.pch
f:\custom-build\yuzu-1662\src\yuzu\yuzu.dir\release\cmake_pch.obj
f:\custom-build\yuzu-1662\src\yuzu\yuzu.dir\release\configure_audio.obj
f:\custom-build\yuzu-1662\src\yuzu\yuzu.dir\release\configure_input_player_widget.obj
f:\custom-build\yuzu-1662\src\yuzu\yuzu.dir\release\configure_ui.obj
f:\custom-build\yuzu-1662\src\yuzu\yuzu.dir\release\client_room.obj
f:\custom-build\yuzu-1662\src\yuzu\yuzu.dir\release\qt_controller.obj
f:\custom-build\yuzu-1662\src\yuzu\yuzu.dir\release\input_profiles.obj
f:\custom-build\yuzu-1662\src\yuzu\yuzu.dir\release\hotkeys.obj
f:\custom-build\yuzu-1662\src\yuzu\yuzu.dir\release\overlay_dialog.obj
f:\custom-build\yuzu-1662\src\yuzu\yuzu.dir\release\configure_cpu_debug.obj
f:\custom-build\yuzu-1662\src\yuzu\yuzu.dir\release\configure_graphics.obj
f:\custom-build\yuzu-1662\src\yuzu\yuzu.dir\release\configure_network.obj
f:\custom-build\yuzu-1662\src\yuzu\yuzu.dir\release\install_dialog.obj
f:\custom-build\yuzu-1662\src\yuzu\yuzu.dir\release\uisettings.obj
f:\custom-build\yuzu-1662\src\yuzu\yuzu.dir\release\bootmanager.obj
f:\custom-build\yuzu-1662\src\yuzu\yuzu.dir\release\configure_system.obj
f:\custom-build\yuzu-1662\src\yuzu\yuzu.dir\release\game_list_worker.obj
f:\custom-build\yuzu-1662\src\yuzu\yuzu.dir\release\qrc_overlay.obj
f:\custom-build\yuzu-1662\src\yuzu\yuzu.dir\release\qt_amiibo_settings.obj
f:\custom-build\yuzu-1662\src\yuzu\yuzu.dir\release\configure_ringcon.obj
f:\custom-build\yuzu-1662\src\yuzu\yuzu.dir\release\chat_room.obj
f:\custom-build\yuzu-1662\src\yuzu\yuzu.dir\release\configure_cpu.obj
f:\custom-build\yuzu-1662\src\yuzu\yuzu.dir\release\configure_hotkeys.obj
f:\custom-build\yuzu-1662\src\yuzu\yuzu.dir\release\configure_tas.obj
f:\custom-build\yuzu-1662\src\yuzu\yuzu.dir\release\wait_tree.obj
f:\custom-build\yuzu-1662\src\yuzu\yuzu.dir\release\sequence_dialog.obj
f:\custom-build\yuzu-1662\src\yuzu\yuzu.dir\release\qrc_yuzu.obj
f:\custom-build\yuzu-1662\src\yuzu\yuzu.dir\release\qrc_compatibility_list.obj
f:\custom-build\yuzu-1662\src\yuzu\yuzu.dir\release\qrc_controller.obj
f:\custom-build\yuzu-1662\src\yuzu\yuzu.dir\release\qrc_default.obj
f:\custom-build\yuzu-1662\src\yuzu\yuzu.dir\release\mocs_compilation_release.obj
f:\custom-build\yuzu-1662\src\yuzu\yuzu.dir\release\configuration_shared.obj
f:\custom-build\yuzu-1662\src\yuzu\yuzu.dir\release\configure_dialog.obj
f:\custom-build\yuzu-1662\src\yuzu\yuzu.dir\release\configure_motion_touch.obj
f:\custom-build\yuzu-1662\src\yuzu\yuzu.dir\release\shared_widget.obj
f:\custom-build\yuzu-1662\src\yuzu\yuzu.dir\release\moderation_dialog.obj
f:\custom-build\yuzu-1662\src\yuzu\yuzu.dir\release\clickable_label.obj
f:\custom-build\yuzu-1662\src\yuzu\yuzu.dir\release\util.obj
f:\custom-build\yuzu-1662\src\yuzu\yuzu.dir\release\qt_profile_select.obj
f:\custom-build\yuzu-1662\src\yuzu\yuzu.dir\release\configure_input_player.obj
f:\custom-build\yuzu-1662\src\yuzu\yuzu.dir\release\main.obj
f:\custom-build\yuzu-1662\src\yuzu\yuzu.dir\release\about_dialog.obj
f:\custom-build\yuzu-1662\src\yuzu\yuzu.dir\release\configure_filesystem.obj
f:\custom-build\yuzu-1662\src\yuzu\yuzu.dir\release\configure_mouse_panning.obj
f:\custom-build\yuzu-1662\src\yuzu\yuzu.dir\release\configure_touchscreen_advanced.obj
f:\custom-build\yuzu-1662\src\yuzu\yuzu.dir\release\qt_config.obj
f:\custom-build\yuzu-1662\src\yuzu\yuzu.dir\release\lobby.obj
f:\custom-build\yuzu-1662\src\yuzu\yuzu.dir\release\qt_software_keyboard.obj
f:\custom-build\yuzu-1662\src\yuzu\yuzu.dir\release\configure_web.obj
f:\custom-build\yuzu-1662\src\yuzu\yuzu.dir\release\direct_connect.obj
f:\custom-build\yuzu-1662\src\yuzu\yuzu.dir\release\qt_web_browser.obj
f:\custom-build\yuzu-1662\src\yuzu\yuzu.dir\release\configure_input_advanced.obj
f:\custom-build\yuzu-1662\src\yuzu\yuzu.dir\release\configure_vibration.obj
f:\custom-build\yuzu-1662\src\yuzu\yuzu.dir\release\controller.obj
f:\custom-build\yuzu-1662\src\yuzu\yuzu.dir\release\state.obj
f:\custom-build\yuzu-1662\src\yuzu\yuzu.dir\release\configure_debug.obj
f:\custom-build\yuzu-1662\src\yuzu\yuzu.dir\release\configure_input_per_game.obj
f:\custom-build\yuzu-1662\src\yuzu\yuzu.dir\release\configure_touch_from_button.obj
f:\custom-build\yuzu-1662\src\yuzu\yuzu.dir\release\profiler.obj
f:\custom-build\yuzu-1662\src\yuzu\yuzu.dir\release\host_room.obj
f:\custom-build\yuzu-1662\src\yuzu\yuzu.dir\release\compatibility_list.obj
f:\custom-build\yuzu-1662\src\yuzu\yuzu.dir\release\configure_debug_tab.obj
f:\custom-build\yuzu-1662\src\yuzu\yuzu.dir\release\configure_general.obj
f:\custom-build\yuzu-1662\src\yuzu\yuzu.dir\release\configure_per_game_addons.obj
f:\custom-build\yuzu-1662\src\yuzu\yuzu.dir\release\game_list.obj
f:\custom-build\yuzu-1662\src\yuzu\yuzu.dir\release\configure_debug_controller.obj
f:\custom-build\yuzu-1662\src\yuzu\yuzu.dir\release\configure_graphics_advanced.obj
f:\custom-build\yuzu-1662\src\yuzu\yuzu.dir\release\configure_input_profile_dialog.obj
f:\custom-build\yuzu-1662\src\yuzu\yuzu.dir\release\configure_profile_manager.obj
f:\custom-build\yuzu-1662\src\yuzu\yuzu.dir\release\console.obj
f:\custom-build\yuzu-1662\src\yuzu\yuzu.dir\release\message.obj
f:\custom-build\yuzu-1662\src\yuzu\yuzu.dir\release\startup_checks.obj
f:\custom-build\yuzu-1662\src\yuzu\yuzu.dir\release\controller_navigation.obj
f:\custom-build\yuzu-1662\src\yuzu\yuzu.dir\release\qt_error.obj
f:\custom-build\yuzu-1662\src\yuzu\yuzu.dir\release\configure_input.obj
f:\custom-build\yuzu-1662\src\yuzu\yuzu.dir\release\shared_translation.obj
f:\custom-build\yuzu-1662\src\yuzu\yuzu.dir\release\play_time_manager.obj
f:\custom-build\yuzu-1662\src\yuzu\yuzu.dir\release\url_request_interceptor.obj
f:\custom-build\yuzu-1662\src\yuzu\yuzu.dir\release\vk_device_info.obj
f:\custom-build\yuzu-1662\src\yuzu\yuzu.dir\release\configure_camera.obj
f:\custom-build\yuzu-1662\src\yuzu\yuzu.dir\release\configure_per_game.obj
f:\custom-build\yuzu-1662\src\yuzu\yuzu.dir\release\loading_screen.obj
f:\custom-build\yuzu-1662\src\yuzu\yuzu.dir\release\qt_common.obj
f:\custom-build\yuzu-1662\src\yuzu\yuzu.dir\release\limitable_input_dialog.obj
f:\custom-build\yuzu-1662\src\yuzu\yuzu.dir\release\compatdb.obj
f:\custom-build\yuzu-1662\src\yuzu\yuzu.dir\release\yuzu_autogen\jjst62k4fd\qrc_style.cpp.obj
f:\custom-build\yuzu-1662\src\yuzu\yuzu.dir\release\yuzu_autogen\qwg25rc7zp\qrc_style.cpp.obj
f:\custom-build\yuzu-1662\src\yuzu\yuzu.dir\release\yuzu_autogen\4oyjp4gyf3\qrc_style.cpp.obj
f:\custom-build\yuzu-1662\src\yuzu\yuzu.dir\release\yuzu_autogen\fckmutafbg\qrc_style.cpp.obj
f:\custom-build\yuzu-1662\src\yuzu\yuzu.dir\release\yuzu_autogen\3jv3sougrx\qrc_style.cpp.obj
f:\custom-build\yuzu-1662\src\yuzu\yuzu.dir\release\yuzu_autogen\37d3mjfptg\qrc_style.cpp.obj
f:\custom-build\yuzu-1662\src\yuzu\yuzu_autogen\autouic_release.stamp
f:\custom-build\yuzu-1662\src\yuzu\yuzu_autogen\ewiega46ww\qrc_yuzu.cpp
f:\custom-build\yuzu-1662\src\yuzu\yuzu_autogen\iex2anjcof\qrc_compatibility_list.cpp
f:\custom-build\yuzu-1662\src\yuzu\yuzu_autogen\jqyor47kws\qrc_controller.cpp
f:\custom-build\yuzu-1662\src\yuzu\yuzu_autogen\fplsjtadt4\qrc_overlay.cpp
f:\custom-build\yuzu-1662\src\yuzu\yuzu_autogen\jjst62k4fd\qrc_style.cpp
f:\custom-build\yuzu-1662\src\yuzu\yuzu_autogen\qwg25rc7zp\qrc_style.cpp
f:\custom-build\yuzu-1662\src\yuzu\yuzu_autogen\4oyjp4gyf3\qrc_style.cpp
f:\custom-build\yuzu-1662\src\yuzu\yuzu_autogen\l6763pldts\qrc_default.cpp
f:\custom-build\yuzu-1662\src\yuzu\yuzu_autogen\fckmutafbg\qrc_style.cpp
f:\custom-build\yuzu-1662\src\yuzu\yuzu_autogen\3jv3sougrx\qrc_style.cpp
f:\custom-build\yuzu-1662\src\yuzu\yuzu_autogen\37d3mjfptg\qrc_style.cpp
f:\custom-build\yuzu-1662\src\yuzu\cmakefiles\generate.stamp
f:\custom-build\yuzu-1662\src\yuzu\yuzu.dir\release\yuzu.res
f:\custom-build\yuzu-1662\src\yuzu\yuzu.dir\release\yuzu.tlog\cl.command.1.tlog
f:\custom-build\yuzu-1662\src\yuzu\yuzu.dir\release\yuzu.tlog\cl.read.1.tlog
f:\custom-build\yuzu-1662\src\yuzu\yuzu.dir\release\yuzu.tlog\cl.write.1.tlog
f:\custom-build\yuzu-1662\src\yuzu\yuzu.dir\release\yuzu.tlog\custombuild.command.1.tlog
f:\custom-build\yuzu-1662\src\yuzu\yuzu.dir\release\yuzu.tlog\custombuild.read.1.tlog
f:\custom-build\yuzu-1662\src\yuzu\yuzu.dir\release\yuzu.tlog\custombuild.write.1.tlog
f:\custom-build\yuzu-1662\src\yuzu\yuzu.dir\release\yuzu.tlog\link-cvtres.read.1.tlog
f:\custom-build\yuzu-1662\src\yuzu\yuzu.dir\release\yuzu.tlog\link-cvtres.write.1.tlog
f:\custom-build\yuzu-1662\src\yuzu\yuzu.dir\release\yuzu.tlog\link.command.1.tlog
f:\custom-build\yuzu-1662\src\yuzu\yuzu.dir\release\yuzu.tlog\link.read.1.tlog
f:\custom-build\yuzu-1662\src\yuzu\yuzu.dir\release\yuzu.tlog\link.read.10.tlog
f:\custom-build\yuzu-1662\src\yuzu\yuzu.dir\release\yuzu.tlog\link.read.2.tlog
f:\custom-build\yuzu-1662\src\yuzu\yuzu.dir\release\yuzu.tlog\link.read.3.tlog
f:\custom-build\yuzu-1662\src\yuzu\yuzu.dir\release\yuzu.tlog\link.read.4.tlog
f:\custom-build\yuzu-1662\src\yuzu\yuzu.dir\release\yuzu.tlog\link.read.9.tlog
f:\custom-build\yuzu-1662\src\yuzu\yuzu.dir\release\yuzu.tlog\link.write.1.tlog
f:\custom-build\yuzu-1662\src\yuzu\yuzu.dir\release\yuzu.tlog\rc.command.1.tlog
f:\custom-build\yuzu-1662\src\yuzu\yuzu.dir\release\yuzu.tlog\rc.read.1.tlog
f:\custom-build\yuzu-1662\src\yuzu\yuzu.dir\release\yuzu.tlog\rc.write.1.tlog
