f:\custom-build\yuzu-1703\src\yuzu_cmd\yuzu-cmd.dir\release\cmake_pch.pch
f:\custom-build\yuzu-1703\src\yuzu_cmd\yuzu-cmd.dir\release\cmake_pch.obj
f:\custom-build\yuzu-1703\src\yuzu_cmd\yuzu-cmd.dir\release\emu_window_sdl2.obj
f:\custom-build\yuzu-1703\src\yuzu_cmd\yuzu-cmd.dir\release\sdl_config.obj
f:\custom-build\yuzu-1703\src\yuzu_cmd\yuzu-cmd.dir\release\emu_window_sdl2_vk.obj
f:\custom-build\yuzu-1703\src\yuzu_cmd\yuzu-cmd.dir\release\emu_window_sdl2_null.obj
f:\custom-build\yuzu-1703\src\yuzu_cmd\yuzu-cmd.dir\release\yuzu.obj
f:\custom-build\yuzu-1703\src\yuzu_cmd\yuzu-cmd.dir\release\emu_window_sdl2_gl.obj
f:\custom-build\yuzu-1703\src\yuzu_cmd\cmakefiles\generate.stamp
f:\custom-build\yuzu-1703\src\yuzu_cmd\release\yuzu-cmd.lib
f:\custom-build\yuzu-1703\src\yuzu_cmd\release\yuzu-cmd.exp
f:\custom-build\yuzu-1703\bin\release\yuzu-cmd.exe
f:\custom-build\yuzu-1703\bin\release\yuzu-cmd.pdb
f:\custom-build\yuzu-1703\src\yuzu_cmd\yuzu-cmd.dir\release\yuzu.res
f:\custom-build\yuzu-1703\src\yuzu_cmd\yuzu-cmd.dir\release\yuzu-cmd.tlog\cl.command.1.tlog
f:\custom-build\yuzu-1703\src\yuzu_cmd\yuzu-cmd.dir\release\yuzu-cmd.tlog\cl.items.tlog
f:\custom-build\yuzu-1703\src\yuzu_cmd\yuzu-cmd.dir\release\yuzu-cmd.tlog\cl.read.1.tlog
f:\custom-build\yuzu-1703\src\yuzu_cmd\yuzu-cmd.dir\release\yuzu-cmd.tlog\cl.write.1.tlog
f:\custom-build\yuzu-1703\src\yuzu_cmd\yuzu-cmd.dir\release\yuzu-cmd.tlog\custombuild.command.1.tlog
f:\custom-build\yuzu-1703\src\yuzu_cmd\yuzu-cmd.dir\release\yuzu-cmd.tlog\custombuild.read.1.tlog
f:\custom-build\yuzu-1703\src\yuzu_cmd\yuzu-cmd.dir\release\yuzu-cmd.tlog\custombuild.write.1.tlog
f:\custom-build\yuzu-1703\src\yuzu_cmd\yuzu-cmd.dir\release\yuzu-cmd.tlog\link.command.1.tlog
f:\custom-build\yuzu-1703\src\yuzu_cmd\yuzu-cmd.dir\release\yuzu-cmd.tlog\link.read.1.tlog
f:\custom-build\yuzu-1703\src\yuzu_cmd\yuzu-cmd.dir\release\yuzu-cmd.tlog\link.write.1.tlog
f:\custom-build\yuzu-1703\src\yuzu_cmd\yuzu-cmd.dir\release\yuzu-cmd.tlog\link.write.2u.tlog
f:\custom-build\yuzu-1703\src\yuzu_cmd\yuzu-cmd.dir\release\yuzu-cmd.tlog\rc.command.1.tlog
f:\custom-build\yuzu-1703\src\yuzu_cmd\yuzu-cmd.dir\release\yuzu-cmd.tlog\rc.read.1.tlog
f:\custom-build\yuzu-1703\src\yuzu_cmd\yuzu-cmd.dir\release\yuzu-cmd.tlog\rc.write.1.tlog
