f:\custom-build\yuzu-1662\src\video_core\video_core.dir\release\cmake_pch.pch
f:\custom-build\yuzu-1662\src\video_core\video_core.dir\release\cmake_pch.obj
f:\custom-build\yuzu-1662\src\video_core\video_core.dir\release\compatible_formats.obj
f:\custom-build\yuzu-1662\src\video_core\video_core.dir\release\maxwell_dma.obj
f:\custom-build\yuzu-1662\src\video_core\video_core.dir\release\renderer_null.obj
f:\custom-build\yuzu-1662\src\video_core\video_core.dir\release\gl_graphics_pipeline.obj
f:\custom-build\yuzu-1662\src\video_core\video_core.dir\release\vk_scheduler.obj
f:\custom-build\yuzu-1662\src\video_core\video_core.dir\release\workers.obj
f:\custom-build\yuzu-1662\src\video_core\video_core.dir\release\vulkan_device.obj
f:\custom-build\yuzu-1662\src\video_core\video_core.dir\release\dirty_flags.obj
f:\custom-build\yuzu-1662\src\video_core\video_core.dir\release\puller.obj
f:\custom-build\yuzu-1662\src\video_core\video_core.dir\release\gl_fence_manager.obj
f:\custom-build\yuzu-1662\src\video_core\video_core.dir\release\vk_command_pool.obj
f:\custom-build\yuzu-1662\src\video_core\video_core.dir\release\vk_graphics_pipeline.obj
f:\custom-build\yuzu-1662\src\video_core\video_core.dir\release\kepler_memory.obj
f:\custom-build\yuzu-1662\src\video_core\video_core.dir\release\control.obj
f:\custom-build\yuzu-1662\src\video_core\video_core.dir\release\macro_interpreter.obj
f:\custom-build\yuzu-1662\src\video_core\video_core.dir\release\gl_device.obj
f:\custom-build\yuzu-1662\src\video_core\video_core.dir\release\util_shaders.obj
f:\custom-build\yuzu-1662\src\video_core\video_core.dir\release\vk_compute_pass.obj
f:\custom-build\yuzu-1662\src\video_core\video_core.dir\release\vk_resource_pool.obj
f:\custom-build\yuzu-1662\src\video_core\video_core.dir\release\vk_swapchain.obj
f:\custom-build\yuzu-1662\src\video_core\video_core.dir\release\accelerated_swizzle.obj
f:\custom-build\yuzu-1662\src\video_core\video_core.dir\release\image_view_info.obj
f:\custom-build\yuzu-1662\src\video_core\video_core.dir\release\vulkan_memory_allocator.obj
f:\custom-build\yuzu-1662\src\video_core\video_core.dir\release\converter.obj
f:\custom-build\yuzu-1662\src\video_core\video_core.dir\release\gl_fsr.obj
f:\custom-build\yuzu-1662\src\video_core\video_core.dir\release\renderer_opengl.obj
f:\custom-build\yuzu-1662\src\video_core\video_core.dir\release\vk_shader_util.obj
f:\custom-build\yuzu-1662\src\video_core\video_core.dir\release\shader_environment.obj
f:\custom-build\yuzu-1662\src\video_core\video_core.dir\release\bcn.obj
f:\custom-build\yuzu-1662\src\video_core\video_core.dir\release\vulkan_debug_callback.obj
f:\custom-build\yuzu-1662\src\video_core\video_core.dir\release\vulkan_surface.obj
f:\custom-build\yuzu-1662\src\video_core\video_core.dir\release\fermi_2d.obj
f:\custom-build\yuzu-1662\src\video_core\video_core.dir\release\h264.obj
f:\custom-build\yuzu-1662\src\video_core\video_core.dir\release\renderer_base.obj
f:\custom-build\yuzu-1662\src\video_core\video_core.dir\release\gl_buffer_cache.obj
f:\custom-build\yuzu-1662\src\video_core\video_core.dir\release\vk_buffer_cache.obj
f:\custom-build\yuzu-1662\src\video_core\video_core.dir\release\vk_state_tracker.obj
f:\custom-build\yuzu-1662\src\video_core\video_core.dir\release\vk_update_descriptor.obj
f:\custom-build\yuzu-1662\src\video_core\video_core.dir\release\image_view_base.obj
f:\custom-build\yuzu-1662\src\video_core\video_core.dir\release\util.obj
f:\custom-build\yuzu-1662\src\video_core\video_core.dir\release\draw_manager.obj
f:\custom-build\yuzu-1662\src\video_core\video_core.dir\release\syncpoint_manager.obj
f:\custom-build\yuzu-1662\src\video_core\video_core.dir\release\macro.obj
f:\custom-build\yuzu-1662\src\video_core\video_core.dir\release\gl_staging_buffer_pool.obj
f:\custom-build\yuzu-1662\src\video_core\video_core.dir\release\fixed_pipeline_state.obj
f:\custom-build\yuzu-1662\src\video_core\video_core.dir\release\vk_blit_screen.obj
f:\custom-build\yuzu-1662\src\video_core\video_core.dir\release\vk_staging_buffer_pool.obj
f:\custom-build\yuzu-1662\src\video_core\video_core.dir\release\format_lookup_table.obj
f:\custom-build\yuzu-1662\src\video_core\video_core.dir\release\image_base.obj
f:\custom-build\yuzu-1662\src\video_core\video_core.dir\release\astc.obj
f:\custom-build\yuzu-1662\src\video_core\video_core.dir\release\vulkan_instance.obj
f:\custom-build\yuzu-1662\src\video_core\video_core.dir\release\scheduler.obj
f:\custom-build\yuzu-1662\src\video_core\video_core.dir\release\fsr.obj
f:\custom-build\yuzu-1662\src\video_core\video_core.dir\release\codec.obj
f:\custom-build\yuzu-1662\src\video_core\video_core.dir\release\null_rasterizer.obj
f:\custom-build\yuzu-1662\src\video_core\video_core.dir\release\gl_shader_util.obj
f:\custom-build\yuzu-1662\src\video_core\video_core.dir\release\maxwell_to_vk.obj
f:\custom-build\yuzu-1662\src\video_core\video_core.dir\release\vk_compute_pipeline.obj
f:\custom-build\yuzu-1662\src\video_core\video_core.dir\release\vulkan_library.obj
f:\custom-build\yuzu-1662\src\video_core\video_core.dir\release\vulkan_wrapper.obj
f:\custom-build\yuzu-1662\src\video_core\video_core.dir\release\buffer_cache.obj
f:\custom-build\yuzu-1662\src\video_core\video_core.dir\release\gl_rasterizer.obj
f:\custom-build\yuzu-1662\src\video_core\video_core.dir\release\vk_master_semaphore.obj
f:\custom-build\yuzu-1662\src\video_core\video_core.dir\release\vk_smaa.obj
f:\custom-build\yuzu-1662\src\video_core\video_core.dir\release\decode_bc.obj
f:\custom-build\yuzu-1662\src\video_core\video_core.dir\release\image_info.obj
f:\custom-build\yuzu-1662\src\video_core\video_core.dir\release\transform_feedback.obj
f:\custom-build\yuzu-1662\src\video_core\video_core.dir\release\vma.obj
f:\custom-build\yuzu-1662\src\video_core\video_core.dir\release\cdma_pusher.obj
f:\custom-build\yuzu-1662\src\video_core\video_core.dir\release\ffmpeg.obj
f:\custom-build\yuzu-1662\src\video_core\video_core.dir\release\gl_compute_pipeline.obj
f:\custom-build\yuzu-1662\src\video_core\video_core.dir\release\vk_descriptor_pool.obj
f:\custom-build\yuzu-1662\src\video_core\video_core.dir\release\vk_rasterizer.obj
f:\custom-build\yuzu-1662\src\video_core\video_core.dir\release\dma_pusher.obj
f:\custom-build\yuzu-1662\src\video_core\video_core.dir\release\gpu_thread.obj
f:\custom-build\yuzu-1662\src\video_core\video_core.dir\release\gl_query_cache.obj
f:\custom-build\yuzu-1662\src\video_core\video_core.dir\release\vk_render_pass_cache.obj
f:\custom-build\yuzu-1662\src\video_core\video_core.dir\release\shader_notify.obj
f:\custom-build\yuzu-1662\src\video_core\video_core.dir\release\surface.obj
f:\custom-build\yuzu-1662\src\video_core\video_core.dir\release\formatter.obj
f:\custom-build\yuzu-1662\src\video_core\video_core.dir\release\texture_cache.obj
f:\custom-build\yuzu-1662\src\video_core\video_core.dir\release\engine_upload.obj
f:\custom-build\yuzu-1662\src\video_core\video_core.dir\release\vp9.obj
f:\custom-build\yuzu-1662\src\video_core\video_core.dir\release\gpu.obj
f:\custom-build\yuzu-1662\src\video_core\video_core.dir\release\renderer_vulkan.obj
f:\custom-build\yuzu-1662\src\video_core\video_core.dir\release\shader_cache.obj
f:\custom-build\yuzu-1662\src\video_core\video_core.dir\release\decoders.obj
f:\custom-build\yuzu-1662\src\video_core\video_core.dir\release\video_core.obj
f:\custom-build\yuzu-1662\src\video_core\video_core.dir\release\maxwell_3d.obj
f:\custom-build\yuzu-1662\src\video_core\video_core.dir\release\gl_resource_manager.obj
f:\custom-build\yuzu-1662\src\video_core\video_core.dir\release\gl_state_tracker.obj
f:\custom-build\yuzu-1662\src\video_core\video_core.dir\release\pipeline_statistics.obj
f:\custom-build\yuzu-1662\src\video_core\video_core.dir\release\vk_buffer_cache_base.obj
f:\custom-build\yuzu-1662\src\video_core\video_core.dir\release\vk_texture_cache_base.obj
f:\custom-build\yuzu-1662\src\video_core\video_core.dir\release\blitter.obj
f:\custom-build\yuzu-1662\src\video_core\video_core.dir\release\vp8.obj
f:\custom-build\yuzu-1662\src\video_core\video_core.dir\release\vic.obj
f:\custom-build\yuzu-1662\src\video_core\video_core.dir\release\gl_shader_cache.obj
f:\custom-build\yuzu-1662\src\video_core\video_core.dir\release\vk_pipeline_cache.obj
f:\custom-build\yuzu-1662\src\video_core\video_core.dir\release\channel_state_cache.obj
f:\custom-build\yuzu-1662\src\video_core\video_core.dir\release\sync_manager.obj
f:\custom-build\yuzu-1662\src\video_core\video_core.dir\release\rasterizer_accelerated.obj
f:\custom-build\yuzu-1662\src\video_core\video_core.dir\release\gl_buffer_cache_base.obj
f:\custom-build\yuzu-1662\src\video_core\video_core.dir\release\vk_fence_manager.obj
f:\custom-build\yuzu-1662\src\video_core\video_core.dir\release\vk_turbo_mode.obj
f:\custom-build\yuzu-1662\src\video_core\video_core.dir\release\kepler_compute.obj
f:\custom-build\yuzu-1662\src\video_core\video_core.dir\release\host1x.obj
f:\custom-build\yuzu-1662\src\video_core\video_core.dir\release\macro_hle.obj
f:\custom-build\yuzu-1662\src\video_core\video_core.dir\release\gl_shader_manager.obj
f:\custom-build\yuzu-1662\src\video_core\video_core.dir\release\gl_texture_cache.obj
f:\custom-build\yuzu-1662\src\video_core\video_core.dir\release\vk_fsr.obj
f:\custom-build\yuzu-1662\src\video_core\video_core.dir\release\vk_present_manager.obj
f:\custom-build\yuzu-1662\src\video_core\video_core.dir\release\vk_texture_cache.obj
f:\custom-build\yuzu-1662\src\video_core\video_core.dir\release\channel_state.obj
f:\custom-build\yuzu-1662\src\video_core\video_core.dir\release\nvdec.obj
f:\custom-build\yuzu-1662\src\video_core\video_core.dir\release\memory_manager.obj
f:\custom-build\yuzu-1662\src\video_core\video_core.dir\release\gl_texture_cache_base.obj
f:\custom-build\yuzu-1662\src\video_core\video_core.dir\release\vk_query_cache.obj
f:\custom-build\yuzu-1662\src\video_core\video_core.dir\release\texture.obj
f:\custom-build\yuzu-1662\src\video_core\video_core.dir\release\nsight_aftermath_tracker.obj
f:\custom-build\yuzu-1662\src\video_core\video_core.dir\release\macro_jit_x64.obj
f:\custom-build\yuzu-1662\src\video_core\video_core.dir\release\renderer_opengl\blit_image.cpp.obj
f:\custom-build\yuzu-1662\src\video_core\video_core.dir\release\renderer_vulkan\blit_image.cpp.obj
f:\custom-build\yuzu-1662\src\video_core\cmakefiles\generate.stamp
f:\custom-build\yuzu-1662\src\video_core\release\video_core.lib
f:\custom-build\yuzu-1662\src\video_core\video_core.dir\release\video_core.tlog\cl.command.1.tlog
f:\custom-build\yuzu-1662\src\video_core\video_core.dir\release\video_core.tlog\cl.items.tlog
f:\custom-build\yuzu-1662\src\video_core\video_core.dir\release\video_core.tlog\cl.read.1.tlog
f:\custom-build\yuzu-1662\src\video_core\video_core.dir\release\video_core.tlog\cl.write.1.tlog
f:\custom-build\yuzu-1662\src\video_core\video_core.dir\release\video_core.tlog\custombuild.command.1.tlog
f:\custom-build\yuzu-1662\src\video_core\video_core.dir\release\video_core.tlog\custombuild.read.1.tlog
f:\custom-build\yuzu-1662\src\video_core\video_core.dir\release\video_core.tlog\custombuild.write.1.tlog
f:\custom-build\yuzu-1662\src\video_core\video_core.dir\release\video_core.tlog\lib-link.read.1.tlog
f:\custom-build\yuzu-1662\src\video_core\video_core.dir\release\video_core.tlog\lib-link.write.1.tlog
f:\custom-build\yuzu-1662\src\video_core\video_core.dir\release\video_core.tlog\lib.command.1.tlog
