  Building Custom Rule C:/Users/curti/yuzu/src/video_core/CMakeLists.txt
  cmake_pch.cxx
  buffer_cache.cpp
  cdma_pusher.cpp
  compatible_formats.cpp
  channel_state.cpp
  channel_state_cache.cpp
  scheduler.cpp
  dirty_flags.cpp
  dma_pusher.cpp
  blitter.cpp
  converter.cpp
  draw_manager.cpp
  engine_upload.cpp
  fermi_2d.cpp
  kepler_compute.cpp
  kepler_memory.cpp
  maxwell_3d.cpp
  maxwell_dma.cpp
  puller.cpp
  framebuffer_config.cpp
  codec.cpp
  h264.cpp
  vp8.cpp
  vp9.cpp
  ffmpeg.cpp
  control.cpp
  gpu_device_memory_manager.cpp
  host1x.cpp
  nvdec.cpp
  sync_manager.cpp
  syncpoint_manager.cpp
  vic.cpp
  macro.cpp
  macro_hle.cpp
  macro_interpreter.cpp
  gpu.cpp
  gpu_thread.cpp
  memory_manager.cpp
  renderer_base.cpp
  null_rasterizer.cpp
  renderer_null.cpp
  gl_blit_screen.cpp
  gl_buffer_cache_base.cpp
  gl_buffer_cache.cpp
  gl_compute_pipeline.cpp
  gl_device.cpp
  gl_fence_manager.cpp
  gl_graphics_pipeline.cpp
  gl_rasterizer.cpp
  gl_resource_manager.cpp
  gl_shader_cache.cpp
  gl_shader_manager.cpp
  gl_shader_util.cpp
  gl_state_tracker.cpp
  gl_staging_buffer_pool.cpp
  gl_texture_cache.cpp
  gl_texture_cache_base.cpp
  gl_query_cache.cpp
  renderer_opengl.cpp
  util_shaders.cpp
  fixed_pipeline_state.cpp
  maxwell_to_vk.cpp
  pipeline_statistics.cpp
  renderer_vulkan.cpp
  vk_blit_screen.cpp
  vk_buffer_cache_base.cpp
  vk_buffer_cache.cpp
  vk_command_pool.cpp
  vk_compute_pass.cpp
  vk_compute_pipeline.cpp
  vk_descriptor_pool.cpp
  vk_fence_manager.cpp
  vk_graphics_pipeline.cpp
  vk_master_semaphore.cpp
  vk_pipeline_cache.cpp
  vk_present_manager.cpp
  vk_query_cache.cpp
  vk_rasterizer.cpp
  vk_render_pass_cache.cpp
  vk_resource_pool.cpp
  vk_scheduler.cpp
  vk_shader_util.cpp
  vk_staging_buffer_pool.cpp
  vk_state_tracker.cpp
  vk_swapchain.cpp
  vk_texture_cache.cpp
  vk_texture_cache_base.cpp
  vk_turbo_mode.cpp
  vk_update_descriptor.cpp
  shader_cache.cpp
  shader_environment.cpp
  shader_notify.cpp
  surface.cpp
  accelerated_swizzle.cpp
  decode_bc.cpp
  formatter.cpp
  format_lookup_table.cpp
  image_base.cpp
  image_info.cpp
  image_view_base.cpp
  image_view_info.cpp
  texture_cache.cpp
  astc.cpp
  bcn.cpp
  decoders.cpp
  texture.cpp
  workers.cpp
  transform_feedback.cpp
  video_core.cpp
  vulkan_debug_callback.cpp
  vulkan_device.cpp
  vulkan_instance.cpp
  vulkan_library.cpp
  vulkan_memory_allocator.cpp
  vulkan_surface.cpp
  vulkan_wrapper.cpp
  nsight_aftermath_tracker.cpp
  vma.cpp
  macro_jit_x64.cpp
  fsr.cpp
  filters.cpp
  fsr.cpp
  fxaa.cpp
  layer.cpp
  smaa.cpp
  window_adapt_pass.cpp
  blit_image.cpp
  filters.cpp
  fsr.cpp
  fxaa.cpp
  layer.cpp
  smaa.cpp
  util.cpp
  window_adapt_pass.cpp
  blit_image.cpp
  util.cpp
  video_core.vcxproj -> F:\custom-build\Yuzu-1703\src\video_core\Release\video_core.lib
