f:\custom-build\yuzu-1662\src\dedicated_room\yuzu-room.dir\release\cmake_pch.pch
f:\custom-build\yuzu-1662\src\dedicated_room\yuzu-room.dir\release\cmake_pch.obj
f:\custom-build\yuzu-1662\src\dedicated_room\yuzu-room.dir\release\yuzu_room.obj
f:\custom-build\yuzu-1662\src\dedicated_room\cmakefiles\generate.stamp
f:\custom-build\yuzu-1662\bin\release\yuzu-room.exe
f:\custom-build\yuzu-1662\bin\release\yuzu-room.pdb
f:\custom-build\yuzu-1662\src\dedicated_room\yuzu-room.dir\release\yuzu_room.res
f:\custom-build\yuzu-1662\src\dedicated_room\yuzu-room.dir\release\yuzu-room.tlog\cl.command.1.tlog
f:\custom-build\yuzu-1662\src\dedicated_room\yuzu-room.dir\release\yuzu-room.tlog\cl.items.tlog
f:\custom-build\yuzu-1662\src\dedicated_room\yuzu-room.dir\release\yuzu-room.tlog\cl.read.1.tlog
f:\custom-build\yuzu-1662\src\dedicated_room\yuzu-room.dir\release\yuzu-room.tlog\cl.write.1.tlog
f:\custom-build\yuzu-1662\src\dedicated_room\yuzu-room.dir\release\yuzu-room.tlog\custombuild.command.1.tlog
f:\custom-build\yuzu-1662\src\dedicated_room\yuzu-room.dir\release\yuzu-room.tlog\custombuild.read.1.tlog
f:\custom-build\yuzu-1662\src\dedicated_room\yuzu-room.dir\release\yuzu-room.tlog\custombuild.write.1.tlog
f:\custom-build\yuzu-1662\src\dedicated_room\yuzu-room.dir\release\yuzu-room.tlog\link.command.1.tlog
f:\custom-build\yuzu-1662\src\dedicated_room\yuzu-room.dir\release\yuzu-room.tlog\link.read.1.tlog
f:\custom-build\yuzu-1662\src\dedicated_room\yuzu-room.dir\release\yuzu-room.tlog\link.write.1.tlog
f:\custom-build\yuzu-1662\src\dedicated_room\yuzu-room.dir\release\yuzu-room.tlog\rc.command.1.tlog
f:\custom-build\yuzu-1662\src\dedicated_room\yuzu-room.dir\release\yuzu-room.tlog\rc.read.1.tlog
f:\custom-build\yuzu-1662\src\dedicated_room\yuzu-room.dir\release\yuzu-room.tlog\rc.write.1.tlog
