f:\custom-build\yuzu-1703\src\shader_recompiler\shader_recompiler.dir\release\cmake_pch.pch
f:\custom-build\yuzu-1703\src\shader_recompiler\shader_recompiler.dir\release\cmake_pch.obj
f:\custom-build\yuzu-1703\src\shader_recompiler\shader_recompiler.dir\release\emit_glasm_logical.obj
f:\custom-build\yuzu-1703\src\shader_recompiler\shader_recompiler.dir\release\emit_glsl_atomic.obj
f:\custom-build\yuzu-1703\src\shader_recompiler\shader_recompiler.dir\release\emit_glsl_special.obj
f:\custom-build\yuzu-1703\src\shader_recompiler\shader_recompiler.dir\release\emit_spirv_control_flow.obj
f:\custom-build\yuzu-1703\src\shader_recompiler\shader_recompiler.dir\release\emit_spirv_logical.obj
f:\custom-build\yuzu-1703\src\shader_recompiler\shader_recompiler.dir\release\post_order.obj
f:\custom-build\yuzu-1703\src\shader_recompiler\shader_recompiler.dir\release\double_set_predicate.obj
f:\custom-build\yuzu-1703\src\shader_recompiler\shader_recompiler.dir\release\floating_point_add.obj
f:\custom-build\yuzu-1703\src\shader_recompiler\shader_recompiler.dir\release\integer_to_integer_conversion.obj
f:\custom-build\yuzu-1703\src\shader_recompiler\shader_recompiler.dir\release\texture_load_swizzled.obj
f:\custom-build\yuzu-1703\src\shader_recompiler\shader_recompiler.dir\release\translate.obj
f:\custom-build\yuzu-1703\src\shader_recompiler\shader_recompiler.dir\release\glasm_emit_context.obj
f:\custom-build\yuzu-1703\src\shader_recompiler\shader_recompiler.dir\release\emit_spirv.obj
f:\custom-build\yuzu-1703\src\shader_recompiler\shader_recompiler.dir\release\integer_shift_right.obj
f:\custom-build\yuzu-1703\src\shader_recompiler\shader_recompiler.dir\release\move_register_to_predicate.obj
f:\custom-build\yuzu-1703\src\shader_recompiler\shader_recompiler.dir\release\pixel_load.obj
f:\custom-build\yuzu-1703\src\shader_recompiler\shader_recompiler.dir\release\video_set_predicate.obj
f:\custom-build\yuzu-1703\src\shader_recompiler\shader_recompiler.dir\release\dual_vertex_pass.obj
f:\custom-build\yuzu-1703\src\shader_recompiler\shader_recompiler.dir\release\ssa_rewrite_pass.obj
f:\custom-build\yuzu-1703\src\shader_recompiler\shader_recompiler.dir\release\emit_glasm_convert.obj
f:\custom-build\yuzu-1703\src\shader_recompiler\shader_recompiler.dir\release\emit_glsl_integer.obj
f:\custom-build\yuzu-1703\src\shader_recompiler\shader_recompiler.dir\release\var_alloc.obj
f:\custom-build\yuzu-1703\src\shader_recompiler\shader_recompiler.dir\release\emit_spirv_integer.obj
f:\custom-build\yuzu-1703\src\shader_recompiler\shader_recompiler.dir\release\value.obj
f:\custom-build\yuzu-1703\src\shader_recompiler\shader_recompiler.dir\release\atomic_operations_shared_memory.obj
f:\custom-build\yuzu-1703\src\shader_recompiler\shader_recompiler.dir\release\exit_program.obj
f:\custom-build\yuzu-1703\src\shader_recompiler\shader_recompiler.dir\release\floating_point_conversion_floating_point.obj
f:\custom-build\yuzu-1703\src\shader_recompiler\shader_recompiler.dir\release\integer_compare.obj
f:\custom-build\yuzu-1703\src\shader_recompiler\shader_recompiler.dir\release\load_store_memory.obj
f:\custom-build\yuzu-1703\src\shader_recompiler\shader_recompiler.dir\release\texture_gather.obj
f:\custom-build\yuzu-1703\src\shader_recompiler\shader_recompiler.dir\release\global_memory_to_storage_buffer_pass.obj
f:\custom-build\yuzu-1703\src\shader_recompiler\shader_recompiler.dir\release\emit_glasm_composite.obj
f:\custom-build\yuzu-1703\src\shader_recompiler\shader_recompiler.dir\release\emit_spirv_floating_point.obj
f:\custom-build\yuzu-1703\src\shader_recompiler\shader_recompiler.dir\release\emit_spirv_warp.obj
f:\custom-build\yuzu-1703\src\shader_recompiler\shader_recompiler.dir\release\indirect_branch_table_track.obj
f:\custom-build\yuzu-1703\src\shader_recompiler\shader_recompiler.dir\release\barrier_operations.obj
f:\custom-build\yuzu-1703\src\shader_recompiler\shader_recompiler.dir\release\floating_point_compare.obj
f:\custom-build\yuzu-1703\src\shader_recompiler\shader_recompiler.dir\release\half_floating_point_add.obj
f:\custom-build\yuzu-1703\src\shader_recompiler\shader_recompiler.dir\release\half_floating_point_multiply.obj
f:\custom-build\yuzu-1703\src\shader_recompiler\shader_recompiler.dir\release\integer_compare_and_set.obj
f:\custom-build\yuzu-1703\src\shader_recompiler\shader_recompiler.dir\release\move_predicate_to_register.obj
f:\custom-build\yuzu-1703\src\shader_recompiler\shader_recompiler.dir\release\surface_load_store.obj
f:\custom-build\yuzu-1703\src\shader_recompiler\shader_recompiler.dir\release\identity_removal_pass.obj
f:\custom-build\yuzu-1703\src\shader_recompiler\shader_recompiler.dir\release\verification_pass.obj
f:\custom-build\yuzu-1703\src\shader_recompiler\shader_recompiler.dir\release\emit_glasm_undefined.obj
f:\custom-build\yuzu-1703\src\shader_recompiler\shader_recompiler.dir\release\emit_glsl.obj
f:\custom-build\yuzu-1703\src\shader_recompiler\shader_recompiler.dir\release\floating_point_multiply.obj
f:\custom-build\yuzu-1703\src\shader_recompiler\shader_recompiler.dir\release\logic_operation_three_input.obj
f:\custom-build\yuzu-1703\src\shader_recompiler\shader_recompiler.dir\release\video_helper.obj
f:\custom-build\yuzu-1703\src\shader_recompiler\shader_recompiler.dir\release\layer_pass.obj
f:\custom-build\yuzu-1703\src\shader_recompiler\shader_recompiler.dir\release\emit_glasm_control_flow.obj
f:\custom-build\yuzu-1703\src\shader_recompiler\shader_recompiler.dir\release\emit_glasm_select.obj
f:\custom-build\yuzu-1703\src\shader_recompiler\shader_recompiler.dir\release\emit_glsl_control_flow.obj
f:\custom-build\yuzu-1703\src\shader_recompiler\shader_recompiler.dir\release\emit_glsl_floating_point.obj
f:\custom-build\yuzu-1703\src\shader_recompiler\shader_recompiler.dir\release\emit_spirv_bitwise_conversion.obj
f:\custom-build\yuzu-1703\src\shader_recompiler\shader_recompiler.dir\release\emit_spirv_special.obj
f:\custom-build\yuzu-1703\src\shader_recompiler\shader_recompiler.dir\release\bitfield_insert.obj
f:\custom-build\yuzu-1703\src\shader_recompiler\shader_recompiler.dir\release\common_funcs.obj
f:\custom-build\yuzu-1703\src\shader_recompiler\shader_recompiler.dir\release\floating_point_fused_multiply_add.obj
f:\custom-build\yuzu-1703\src\shader_recompiler\shader_recompiler.dir\release\integer_minimum_maximum.obj
f:\custom-build\yuzu-1703\src\shader_recompiler\shader_recompiler.dir\release\load_store_local_shared.obj
f:\custom-build\yuzu-1703\src\shader_recompiler\shader_recompiler.dir\release\texture_query.obj
f:\custom-build\yuzu-1703\src\shader_recompiler\shader_recompiler.dir\release\lower_int64_to_int32.obj
f:\custom-build\yuzu-1703\src\shader_recompiler\shader_recompiler.dir\release\emit_glasm_image.obj
f:\custom-build\yuzu-1703\src\shader_recompiler\shader_recompiler.dir\release\emit_spirv_image.obj
f:\custom-build\yuzu-1703\src\shader_recompiler\shader_recompiler.dir\release\flow_test.obj
f:\custom-build\yuzu-1703\src\shader_recompiler\shader_recompiler.dir\release\microinstruction.obj
f:\custom-build\yuzu-1703\src\shader_recompiler\shader_recompiler.dir\release\bitfield_extract.obj
f:\custom-build\yuzu-1703\src\shader_recompiler\shader_recompiler.dir\release\double_compare_and_set.obj
f:\custom-build\yuzu-1703\src\shader_recompiler\shader_recompiler.dir\release\floating_point_compare_and_set.obj
f:\custom-build\yuzu-1703\src\shader_recompiler\shader_recompiler.dir\release\floating_point_set_predicate.obj
f:\custom-build\yuzu-1703\src\shader_recompiler\shader_recompiler.dir\release\impl.obj
f:\custom-build\yuzu-1703\src\shader_recompiler\shader_recompiler.dir\release\load_store_attribute.obj
f:\custom-build\yuzu-1703\src\shader_recompiler\shader_recompiler.dir\release\predicate_set_predicate.obj
f:\custom-build\yuzu-1703\src\shader_recompiler\shader_recompiler.dir\release\texture_fetch_swizzled.obj
f:\custom-build\yuzu-1703\src\shader_recompiler\shader_recompiler.dir\release\warp_shuffle.obj
f:\custom-build\yuzu-1703\src\shader_recompiler\shader_recompiler.dir\release\emit_glasm_barriers.obj
f:\custom-build\yuzu-1703\src\shader_recompiler\shader_recompiler.dir\release\emit_glasm_memory.obj
f:\custom-build\yuzu-1703\src\shader_recompiler\shader_recompiler.dir\release\emit_glsl_not_implemented.obj
f:\custom-build\yuzu-1703\src\shader_recompiler\shader_recompiler.dir\release\emit_spirv_composite.obj
f:\custom-build\yuzu-1703\src\shader_recompiler\shader_recompiler.dir\release\emit_spirv_shared_memory.obj
f:\custom-build\yuzu-1703\src\shader_recompiler\shader_recompiler.dir\release\structured_control_flow.obj
f:\custom-build\yuzu-1703\src\shader_recompiler\shader_recompiler.dir\release\move_special_register.obj
f:\custom-build\yuzu-1703\src\shader_recompiler\shader_recompiler.dir\release\video_multiply_add.obj
f:\custom-build\yuzu-1703\src\shader_recompiler\shader_recompiler.dir\release\collect_shader_info_pass.obj
f:\custom-build\yuzu-1703\src\shader_recompiler\shader_recompiler.dir\release\emit_glasm_shared_memory.obj
f:\custom-build\yuzu-1703\src\shader_recompiler\shader_recompiler.dir\release\emit_glsl_context_get_set.obj
f:\custom-build\yuzu-1703\src\shader_recompiler\shader_recompiler.dir\release\emit_spirv_context_get_set.obj
f:\custom-build\yuzu-1703\src\shader_recompiler\shader_recompiler.dir\release\condition.obj
f:\custom-build\yuzu-1703\src\shader_recompiler\shader_recompiler.dir\release\patch.obj
f:\custom-build\yuzu-1703\src\shader_recompiler\shader_recompiler.dir\release\attribute_memory_to_physical.obj
f:\custom-build\yuzu-1703\src\shader_recompiler\shader_recompiler.dir\release\double_add.obj
f:\custom-build\yuzu-1703\src\shader_recompiler\shader_recompiler.dir\release\floating_point_min_max.obj
f:\custom-build\yuzu-1703\src\shader_recompiler\shader_recompiler.dir\release\half_floating_point_set.obj
f:\custom-build\yuzu-1703\src\shader_recompiler\shader_recompiler.dir\release\integer_shift_left.obj
f:\custom-build\yuzu-1703\src\shader_recompiler\shader_recompiler.dir\release\output_geometry.obj
f:\custom-build\yuzu-1703\src\shader_recompiler\shader_recompiler.dir\release\surface_atomic_operations.obj
f:\custom-build\yuzu-1703\src\shader_recompiler\shader_recompiler.dir\release\conditional_barrier_pass.obj
f:\custom-build\yuzu-1703\src\shader_recompiler\shader_recompiler.dir\release\emit_glasm_not_implemented.obj
f:\custom-build\yuzu-1703\src\shader_recompiler\shader_recompiler.dir\release\reg_alloc.obj
f:\custom-build\yuzu-1703\src\shader_recompiler\shader_recompiler.dir\release\emit_glsl_bitwise_conversion.obj
f:\custom-build\yuzu-1703\src\shader_recompiler\shader_recompiler.dir\release\emit_glsl_convert.obj
f:\custom-build\yuzu-1703\src\shader_recompiler\shader_recompiler.dir\release\emit_glsl_select.obj
f:\custom-build\yuzu-1703\src\shader_recompiler\shader_recompiler.dir\release\glsl_emit_context.obj
f:\custom-build\yuzu-1703\src\shader_recompiler\shader_recompiler.dir\release\ir_emitter.obj
f:\custom-build\yuzu-1703\src\shader_recompiler\shader_recompiler.dir\release\branch_indirect.obj
f:\custom-build\yuzu-1703\src\shader_recompiler\shader_recompiler.dir\release\condition_code_set.obj
f:\custom-build\yuzu-1703\src\shader_recompiler\shader_recompiler.dir\release\find_leading_one.obj
f:\custom-build\yuzu-1703\src\shader_recompiler\shader_recompiler.dir\release\floating_point_swizzled_add.obj
f:\custom-build\yuzu-1703\src\shader_recompiler\shader_recompiler.dir\release\integer_funnel_shift.obj
f:\custom-build\yuzu-1703\src\shader_recompiler\shader_recompiler.dir\release\logic_operation.obj
f:\custom-build\yuzu-1703\src\shader_recompiler\shader_recompiler.dir\release\texture_gradient.obj
f:\custom-build\yuzu-1703\src\shader_recompiler\shader_recompiler.dir\release\lower_fp64_to_fp32.obj
f:\custom-build\yuzu-1703\src\shader_recompiler\shader_recompiler.dir\release\emit_glasm_floating_point.obj
f:\custom-build\yuzu-1703\src\shader_recompiler\shader_recompiler.dir\release\emit_glsl_warp.obj
f:\custom-build\yuzu-1703\src\shader_recompiler\shader_recompiler.dir\release\emit_spirv_image_atomic.obj
f:\custom-build\yuzu-1703\src\shader_recompiler\shader_recompiler.dir\release\attribute.obj
f:\custom-build\yuzu-1703\src\shader_recompiler\shader_recompiler.dir\release\basic_block.obj
f:\custom-build\yuzu-1703\src\shader_recompiler\shader_recompiler.dir\release\double_multiply.obj
f:\custom-build\yuzu-1703\src\shader_recompiler\shader_recompiler.dir\release\floating_point_range_reduction.obj
f:\custom-build\yuzu-1703\src\shader_recompiler\shader_recompiler.dir\release\half_floating_point_helper.obj
f:\custom-build\yuzu-1703\src\shader_recompiler\shader_recompiler.dir\release\internal_stage_buffer_entry_read.obj
f:\custom-build\yuzu-1703\src\shader_recompiler\shader_recompiler.dir\release\select_source_with_predicate.obj
f:\custom-build\yuzu-1703\src\shader_recompiler\shader_recompiler.dir\release\texture_load.obj
f:\custom-build\yuzu-1703\src\shader_recompiler\shader_recompiler.dir\release\texture_pass.obj
f:\custom-build\yuzu-1703\src\shader_recompiler\shader_recompiler.dir\release\emit_glasm.obj
f:\custom-build\yuzu-1703\src\shader_recompiler\shader_recompiler.dir\release\integer_add.obj
f:\custom-build\yuzu-1703\src\shader_recompiler\shader_recompiler.dir\release\load_constant.obj
f:\custom-build\yuzu-1703\src\shader_recompiler\shader_recompiler.dir\release\video_minimum_maximum.obj
f:\custom-build\yuzu-1703\src\shader_recompiler\shader_recompiler.dir\release\vendor_workaround_pass.obj
f:\custom-build\yuzu-1703\src\shader_recompiler\shader_recompiler.dir\release\emit_glasm_integer.obj
f:\custom-build\yuzu-1703\src\shader_recompiler\shader_recompiler.dir\release\emit_glsl_memory.obj
f:\custom-build\yuzu-1703\src\shader_recompiler\shader_recompiler.dir\release\emit_spirv_barriers.obj
f:\custom-build\yuzu-1703\src\shader_recompiler\shader_recompiler.dir\release\emit_spirv_select.obj
f:\custom-build\yuzu-1703\src\shader_recompiler\shader_recompiler.dir\release\program.obj
f:\custom-build\yuzu-1703\src\shader_recompiler\shader_recompiler.dir\release\atomic_operations_global_memory.obj
f:\custom-build\yuzu-1703\src\shader_recompiler\shader_recompiler.dir\release\double_min_max.obj
f:\custom-build\yuzu-1703\src\shader_recompiler\shader_recompiler.dir\release\floating_point_conversion_integer.obj
f:\custom-build\yuzu-1703\src\shader_recompiler\shader_recompiler.dir\release\move_register.obj
f:\custom-build\yuzu-1703\src\shader_recompiler\shader_recompiler.dir\release\not_implemented.obj
f:\custom-build\yuzu-1703\src\shader_recompiler\shader_recompiler.dir\release\texture_fetch.obj
f:\custom-build\yuzu-1703\src\shader_recompiler\shader_recompiler.dir\release\dead_code_elimination_pass.obj
f:\custom-build\yuzu-1703\src\shader_recompiler\shader_recompiler.dir\release\lower_fp16_to_fp32.obj
f:\custom-build\yuzu-1703\src\shader_recompiler\shader_recompiler.dir\release\position_pass.obj
f:\custom-build\yuzu-1703\src\shader_recompiler\shader_recompiler.dir\release\emit_glasm_special.obj
f:\custom-build\yuzu-1703\src\shader_recompiler\shader_recompiler.dir\release\emit_glsl_logical.obj
f:\custom-build\yuzu-1703\src\shader_recompiler\shader_recompiler.dir\release\emit_glsl_shared_memory.obj
f:\custom-build\yuzu-1703\src\shader_recompiler\shader_recompiler.dir\release\emit_spirv_convert.obj
f:\custom-build\yuzu-1703\src\shader_recompiler\shader_recompiler.dir\release\spirv_emit_context.obj
f:\custom-build\yuzu-1703\src\shader_recompiler\shader_recompiler.dir\release\floating_point_multi_function.obj
f:\custom-build\yuzu-1703\src\shader_recompiler\shader_recompiler.dir\release\integer_floating_point_conversion.obj
f:\custom-build\yuzu-1703\src\shader_recompiler\shader_recompiler.dir\release\texture_gather_swizzled.obj
f:\custom-build\yuzu-1703\src\shader_recompiler\shader_recompiler.dir\release\translate_program.obj
f:\custom-build\yuzu-1703\src\shader_recompiler\shader_recompiler.dir\release\emit_glasm_bitwise_conversion.obj
f:\custom-build\yuzu-1703\src\shader_recompiler\shader_recompiler.dir\release\emit_glasm_warp.obj
f:\custom-build\yuzu-1703\src\shader_recompiler\shader_recompiler.dir\release\emit_glsl_undefined.obj
f:\custom-build\yuzu-1703\src\shader_recompiler\shader_recompiler.dir\release\emit_spirv_atomic.obj
f:\custom-build\yuzu-1703\src\shader_recompiler\shader_recompiler.dir\release\emit_spirv_memory.obj
f:\custom-build\yuzu-1703\src\shader_recompiler\shader_recompiler.dir\release\type.obj
f:\custom-build\yuzu-1703\src\shader_recompiler\shader_recompiler.dir\release\decode.obj
f:\custom-build\yuzu-1703\src\shader_recompiler\shader_recompiler.dir\release\double_fused_multiply_add.obj
f:\custom-build\yuzu-1703\src\shader_recompiler\shader_recompiler.dir\release\half_floating_point_fused_multiply_add.obj
f:\custom-build\yuzu-1703\src\shader_recompiler\shader_recompiler.dir\release\integer_popcount.obj
f:\custom-build\yuzu-1703\src\shader_recompiler\shader_recompiler.dir\release\integer_short_multiply_add.obj
f:\custom-build\yuzu-1703\src\shader_recompiler\shader_recompiler.dir\release\texture_mipmap_level.obj
f:\custom-build\yuzu-1703\src\shader_recompiler\shader_recompiler.dir\release\rescaling_pass.obj
f:\custom-build\yuzu-1703\src\shader_recompiler\shader_recompiler.dir\release\emit_glasm_context_get_set.obj
f:\custom-build\yuzu-1703\src\shader_recompiler\shader_recompiler.dir\release\emit_glsl_barriers.obj
f:\custom-build\yuzu-1703\src\shader_recompiler\shader_recompiler.dir\release\emit_glsl_composite.obj
f:\custom-build\yuzu-1703\src\shader_recompiler\shader_recompiler.dir\release\emit_glsl_image.obj
f:\custom-build\yuzu-1703\src\shader_recompiler\shader_recompiler.dir\release\emit_spirv_undefined.obj
f:\custom-build\yuzu-1703\src\shader_recompiler\shader_recompiler.dir\release\control_flow.obj
f:\custom-build\yuzu-1703\src\shader_recompiler\shader_recompiler.dir\release\half_floating_point_set_predicate.obj
f:\custom-build\yuzu-1703\src\shader_recompiler\shader_recompiler.dir\release\integer_add_three_input.obj
f:\custom-build\yuzu-1703\src\shader_recompiler\shader_recompiler.dir\release\integer_scaled_add.obj
f:\custom-build\yuzu-1703\src\shader_recompiler\shader_recompiler.dir\release\integer_set_predicate.obj
f:\custom-build\yuzu-1703\src\shader_recompiler\shader_recompiler.dir\release\load_effective_address.obj
f:\custom-build\yuzu-1703\src\shader_recompiler\shader_recompiler.dir\release\predicate_set_register.obj
f:\custom-build\yuzu-1703\src\shader_recompiler\shader_recompiler.dir\release\vote.obj
f:\custom-build\yuzu-1703\src\shader_recompiler\shader_recompiler.dir\release\constant_propagation_pass.obj
f:\custom-build\yuzu-1703\src\shader_recompiler\shader_recompiler.dir\release\frontend\ir\opcodes.cpp.obj
f:\custom-build\yuzu-1703\src\shader_recompiler\shader_recompiler.dir\release\frontend\maxwell\opcodes.cpp.obj
f:\custom-build\yuzu-1703\src\shader_recompiler\cmakefiles\generate.stamp
f:\custom-build\yuzu-1703\src\shader_recompiler\release\shader_recompiler.lib
f:\custom-build\yuzu-1703\src\shader_recompiler\shader_recompiler.dir\release\shader_r.726d7c51.tlog\cl.command.1.tlog
f:\custom-build\yuzu-1703\src\shader_recompiler\shader_recompiler.dir\release\shader_r.726d7c51.tlog\cl.items.tlog
f:\custom-build\yuzu-1703\src\shader_recompiler\shader_recompiler.dir\release\shader_r.726d7c51.tlog\cl.read.1.tlog
f:\custom-build\yuzu-1703\src\shader_recompiler\shader_recompiler.dir\release\shader_r.726d7c51.tlog\cl.write.1.tlog
f:\custom-build\yuzu-1703\src\shader_recompiler\shader_recompiler.dir\release\shader_r.726d7c51.tlog\custombuild.command.1.tlog
f:\custom-build\yuzu-1703\src\shader_recompiler\shader_recompiler.dir\release\shader_r.726d7c51.tlog\custombuild.read.1.tlog
f:\custom-build\yuzu-1703\src\shader_recompiler\shader_recompiler.dir\release\shader_r.726d7c51.tlog\custombuild.write.1.tlog
f:\custom-build\yuzu-1703\src\shader_recompiler\shader_recompiler.dir\release\shader_r.726d7c51.tlog\lib-link.read.1.tlog
f:\custom-build\yuzu-1703\src\shader_recompiler\shader_recompiler.dir\release\shader_r.726d7c51.tlog\lib-link.write.1.tlog
f:\custom-build\yuzu-1703\src\shader_recompiler\shader_recompiler.dir\release\shader_r.726d7c51.tlog\lib.command.1.tlog
