  Building Custom Rule C:/Users/curti/yuzu/src/shader_recompiler/CMakeLists.txt
  cmake_pch.cxx
  emit_glasm.cpp
  emit_glasm_barriers.cpp
  emit_glasm_bitwise_conversion.cpp
  emit_glasm_composite.cpp
  emit_glasm_context_get_set.cpp
  emit_glasm_control_flow.cpp
  emit_glasm_convert.cpp
  emit_glasm_floating_point.cpp
  emit_glasm_image.cpp
  emit_glasm_integer.cpp
  emit_glasm_logical.cpp
  emit_glasm_memory.cpp
  emit_glasm_not_implemented.cpp
  emit_glasm_select.cpp
  emit_glasm_shared_memory.cpp
  emit_glasm_special.cpp
  emit_glasm_undefined.cpp
  emit_glasm_warp.cpp
  glasm_emit_context.cpp
  reg_alloc.cpp
  emit_glsl.cpp
  emit_glsl_atomic.cpp
  emit_glsl_barriers.cpp
  emit_glsl_bitwise_conversion.cpp
  emit_glsl_composite.cpp
  emit_glsl_context_get_set.cpp
  emit_glsl_control_flow.cpp
  emit_glsl_convert.cpp
  emit_glsl_floating_point.cpp
  emit_glsl_image.cpp
  emit_glsl_integer.cpp
  emit_glsl_logical.cpp
  emit_glsl_memory.cpp
  emit_glsl_not_implemented.cpp
  emit_glsl_select.cpp
  emit_glsl_shared_memory.cpp
  emit_glsl_special.cpp
  emit_glsl_undefined.cpp
  emit_glsl_warp.cpp
  glsl_emit_context.cpp
  var_alloc.cpp
  emit_spirv.cpp
  emit_spirv_atomic.cpp
  emit_spirv_barriers.cpp
  emit_spirv_bitwise_conversion.cpp
  emit_spirv_composite.cpp
  emit_spirv_context_get_set.cpp
  emit_spirv_control_flow.cpp
  emit_spirv_convert.cpp
  emit_spirv_floating_point.cpp
  emit_spirv_image.cpp
  emit_spirv_image_atomic.cpp
  emit_spirv_integer.cpp
  emit_spirv_logical.cpp
  emit_spirv_memory.cpp
  emit_spirv_select.cpp
  emit_spirv_shared_memory.cpp
  emit_spirv_special.cpp
  emit_spirv_undefined.cpp
  emit_spirv_warp.cpp
  spirv_emit_context.cpp
  attribute.cpp
  basic_block.cpp
  condition.cpp
  flow_test.cpp
  ir_emitter.cpp
  microinstruction.cpp
  patch.cpp
  post_order.cpp
  program.cpp
  type.cpp
  value.cpp
  control_flow.cpp
  decode.cpp
  indirect_branch_table_track.cpp
  structured_control_flow.cpp
  atomic_operations_global_memory.cpp
  atomic_operations_shared_memory.cpp
  attribute_memory_to_physical.cpp
  barrier_operations.cpp
  bitfield_extract.cpp
  bitfield_insert.cpp
  branch_indirect.cpp
  common_funcs.cpp
  condition_code_set.cpp
  double_add.cpp
  double_compare_and_set.cpp
  double_fused_multiply_add.cpp
  double_min_max.cpp
  double_multiply.cpp
  double_set_predicate.cpp
  exit_program.cpp
  find_leading_one.cpp
  floating_point_add.cpp
  floating_point_compare.cpp
  floating_point_compare_and_set.cpp
  floating_point_conversion_floating_point.cpp
  floating_point_conversion_integer.cpp
  floating_point_fused_multiply_add.cpp
  floating_point_min_max.cpp
  floating_point_multi_function.cpp
  floating_point_multiply.cpp
  floating_point_range_reduction.cpp
  floating_point_set_predicate.cpp
  floating_point_swizzled_add.cpp
  half_floating_point_add.cpp
  half_floating_point_fused_multiply_add.cpp
  half_floating_point_helper.cpp
  half_floating_point_multiply.cpp
  half_floating_point_set.cpp
  half_floating_point_set_predicate.cpp
  impl.cpp
  integer_add.cpp
  integer_add_three_input.cpp
  integer_compare.cpp
  integer_compare_and_set.cpp
  integer_floating_point_conversion.cpp
  integer_funnel_shift.cpp
  integer_minimum_maximum.cpp
  integer_popcount.cpp
  integer_scaled_add.cpp
  integer_set_predicate.cpp
  integer_shift_left.cpp
  integer_shift_right.cpp
  integer_short_multiply_add.cpp
  integer_to_integer_conversion.cpp
  internal_stage_buffer_entry_read.cpp
  load_constant.cpp
  load_effective_address.cpp
  load_store_attribute.cpp
  load_store_local_shared.cpp
  load_store_memory.cpp
  logic_operation.cpp
  logic_operation_three_input.cpp
  move_predicate_to_register.cpp
  move_register.cpp
  move_register_to_predicate.cpp
  move_special_register.cpp
  not_implemented.cpp
  output_geometry.cpp
  pixel_load.cpp
  predicate_set_predicate.cpp
  predicate_set_register.cpp
  select_source_with_predicate.cpp
  surface_atomic_operations.cpp
  surface_load_store.cpp
  texture_fetch.cpp
  texture_fetch_swizzled.cpp
  texture_gather.cpp
  texture_gather_swizzled.cpp
  texture_gradient.cpp
  texture_load.cpp
  texture_load_swizzled.cpp
  texture_mipmap_level.cpp
  texture_query.cpp
  video_helper.cpp
  video_minimum_maximum.cpp
  video_multiply_add.cpp
  video_set_predicate.cpp
  vote.cpp
  warp_shuffle.cpp
  translate.cpp
  translate_program.cpp
  collect_shader_info_pass.cpp
  conditional_barrier_pass.cpp
  constant_propagation_pass.cpp
  dead_code_elimination_pass.cpp
  dual_vertex_pass.cpp
  global_memory_to_storage_buffer_pass.cpp
  identity_removal_pass.cpp
  layer_pass.cpp
  lower_fp16_to_fp32.cpp
  lower_fp64_to_fp32.cpp
  lower_int64_to_int32.cpp
  position_pass.cpp
  rescaling_pass.cpp
  ssa_rewrite_pass.cpp
  texture_pass.cpp
  vendor_workaround_pass.cpp
  verification_pass.cpp
  opcodes.cpp
  opcodes.cpp
  shader_recompiler.vcxproj -> F:\custom-build\Yuzu-1703\src\shader_recompiler\Release\shader_recompiler.lib
