f:\custom-build\yuzu-1703\src\common\common.dir\release\cmake_pch.pch
f:\custom-build\yuzu-1703\src\common\common.dir\release\cmake_pch.obj
f:\custom-build\yuzu-1703\src\common\common.dir\release\assert.obj
f:\custom-build\yuzu-1703\src\common\common.dir\release\telemetry.obj
f:\custom-build\yuzu-1703\src\common\common.dir\release\rdtsc.obj
f:\custom-build\yuzu-1703\src\common\common.dir\release\host_memory.obj
f:\custom-build\yuzu-1703\src\common\common.dir\release\hex_util.obj
f:\custom-build\yuzu-1703\src\common\common.dir\release\text_formatter.obj
f:\custom-build\yuzu-1703\src\common\common.dir\release\time_zone.obj
f:\custom-build\yuzu-1703\src\common\common.dir\release\address_space.obj
f:\custom-build\yuzu-1703\src\common\common.dir\release\nvidia_flags.obj
f:\custom-build\yuzu-1703\src\common\common.dir\release\wall_clock.obj
f:\custom-build\yuzu-1703\src\common\common.dir\release\cpu_detect.obj
f:\custom-build\yuzu-1703\src\common\common.dir\release\fiber.obj
f:\custom-build\yuzu-1703\src\common\common.dir\release\lz4_compression.obj
f:\custom-build\yuzu-1703\src\common\common.dir\release\page_table.obj
f:\custom-build\yuzu-1703\src\common\common.dir\release\scm_rev.obj
f:\custom-build\yuzu-1703\src\common\common.dir\release\settings_common.obj
f:\custom-build\yuzu-1703\src\common\common.dir\release\timer_resolution.obj
f:\custom-build\yuzu-1703\src\common\common.dir\release\cityhash.obj
f:\custom-build\yuzu-1703\src\common\common.dir\release\multi_level_page_table.obj
f:\custom-build\yuzu-1703\src\common\common.dir\release\uuid.obj
f:\custom-build\yuzu-1703\src\common\common.dir\release\native_clock.obj
f:\custom-build\yuzu-1703\src\common\common.dir\release\demangle.obj
f:\custom-build\yuzu-1703\src\common\common.dir\release\filter.obj
f:\custom-build\yuzu-1703\src\common\common.dir\release\microprofile.obj
f:\custom-build\yuzu-1703\src\common\common.dir\release\error.obj
f:\custom-build\yuzu-1703\src\common\common.dir\release\settings_input.obj
f:\custom-build\yuzu-1703\src\common\common.dir\release\stb.obj
f:\custom-build\yuzu-1703\src\common\common.dir\release\fs_util.obj
f:\custom-build\yuzu-1703\src\common\common.dir\release\settings.obj
f:\custom-build\yuzu-1703\src\common\common.dir\release\file.obj
f:\custom-build\yuzu-1703\src\common\common.dir\release\string_util.obj
f:\custom-build\yuzu-1703\src\common\common.dir\release\backend.obj
f:\custom-build\yuzu-1703\src\common\common.dir\release\fs.obj
f:\custom-build\yuzu-1703\src\common\common.dir\release\zstd_compression.obj
f:\custom-build\yuzu-1703\src\common\common.dir\release\cpu_wait.obj
f:\custom-build\yuzu-1703\src\common\common.dir\release\heap_tracker.obj
f:\custom-build\yuzu-1703\src\common\common.dir\release\param_package.obj
f:\custom-build\yuzu-1703\src\common\common.dir\release\virtual_buffer.obj
f:\custom-build\yuzu-1703\src\common\common.dir\release\dynamic_library.obj
f:\custom-build\yuzu-1703\src\common\common.dir\release\stream.obj
f:\custom-build\yuzu-1703\src\common\common.dir\release\thread.obj
f:\custom-build\yuzu-1703\src\common\common.dir\release\path_util.obj
f:\custom-build\yuzu-1703\src\common\common.dir\release\detached_tasks.obj
f:\custom-build\yuzu-1703\src\common\common.dir\release\memory_detect.obj
f:\custom-build\yuzu-1703\src\common\common.dir\release\spin_lock.obj
f:\custom-build\yuzu-1703\src\common\common.dir\release\steady_clock.obj
f:\custom-build\yuzu-1703\src\common\cmakefiles\generate.stamp
f:\custom-build\yuzu-1703\src\common\release\common.lib
f:\custom-build\yuzu-1703\src\common\common.dir\release\common.tlog\cl.command.1.tlog
f:\custom-build\yuzu-1703\src\common\common.dir\release\common.tlog\cl.items.tlog
f:\custom-build\yuzu-1703\src\common\common.dir\release\common.tlog\cl.read.1.tlog
f:\custom-build\yuzu-1703\src\common\common.dir\release\common.tlog\cl.write.1.tlog
f:\custom-build\yuzu-1703\src\common\common.dir\release\common.tlog\custombuild.command.1.tlog
f:\custom-build\yuzu-1703\src\common\common.dir\release\common.tlog\custombuild.read.1.tlog
f:\custom-build\yuzu-1703\src\common\common.dir\release\common.tlog\custombuild.write.1.tlog
f:\custom-build\yuzu-1703\src\common\common.dir\release\common.tlog\lib-link.read.1.tlog
f:\custom-build\yuzu-1703\src\common\common.dir\release\common.tlog\lib-link.write.1.tlog
f:\custom-build\yuzu-1703\src\common\common.dir\release\common.tlog\lib.command.1.tlog
