f:\custom-build\yuzu-1703\src\video_core\host_shaders\include\video_core\host_shaders\astc_decoder_comp.h
f:\custom-build\yuzu-1703\src\video_core\host_shaders\include\video_core\host_shaders\blit_color_float_frag.h
f:\custom-build\yuzu-1703\src\video_core\host_shaders\include\video_core\host_shaders\block_linear_unswizzle_2d_comp.h
f:\custom-build\yuzu-1703\src\video_core\host_shaders\include\video_core\host_shaders\block_linear_unswizzle_3d_comp.h
f:\custom-build\yuzu-1703\src\video_core\host_shaders\include\video_core\host_shaders\convert_abgr8_to_d24s8_frag.h
f:\custom-build\yuzu-1703\src\video_core\host_shaders\include\video_core\host_shaders\convert_abgr8_to_d32f_frag.h
f:\custom-build\yuzu-1703\src\video_core\host_shaders\include\video_core\host_shaders\convert_d32f_to_abgr8_frag.h
f:\custom-build\yuzu-1703\src\video_core\host_shaders\include\video_core\host_shaders\convert_d24s8_to_abgr8_frag.h
f:\custom-build\yuzu-1703\src\video_core\host_shaders\include\video_core\host_shaders\convert_depth_to_float_frag.h
f:\custom-build\yuzu-1703\src\video_core\host_shaders\include\video_core\host_shaders\convert_float_to_depth_frag.h
f:\custom-build\yuzu-1703\src\video_core\host_shaders\include\video_core\host_shaders\convert_msaa_to_non_msaa_comp.h
f:\custom-build\yuzu-1703\src\video_core\host_shaders\include\video_core\host_shaders\convert_non_msaa_to_msaa_comp.h
f:\custom-build\yuzu-1703\src\video_core\host_shaders\include\video_core\host_shaders\convert_s8d24_to_abgr8_frag.h
f:\custom-build\yuzu-1703\src\video_core\host_shaders\include\video_core\host_shaders\full_screen_triangle_vert.h
f:\custom-build\yuzu-1703\src\video_core\host_shaders\include\video_core\host_shaders\fxaa_frag.h
f:\custom-build\yuzu-1703\src\video_core\host_shaders\include\video_core\host_shaders\fxaa_vert.h
f:\custom-build\yuzu-1703\src\video_core\host_shaders\include\video_core\host_shaders\opengl_convert_s8d24_comp.h
f:\custom-build\yuzu-1703\src\video_core\host_shaders\include\video_core\host_shaders\opengl_copy_bc4_comp.h
f:\custom-build\yuzu-1703\src\video_core\host_shaders\include\video_core\host_shaders\opengl_fidelityfx_fsr_frag.h
f:\custom-build\yuzu-1703\src\video_core\host_shaders\include\video_core\host_shaders\opengl_fidelityfx_fsr_easu_frag.h
f:\custom-build\yuzu-1703\src\video_core\host_shaders\include\video_core\host_shaders\opengl_fidelityfx_fsr_rcas_frag.h
f:\custom-build\yuzu-1703\src\video_core\host_shaders\include\video_core\host_shaders\opengl_lmem_warmup_comp.h
f:\custom-build\yuzu-1703\src\video_core\host_shaders\include\video_core\host_shaders\opengl_present_frag.h
f:\custom-build\yuzu-1703\src\video_core\host_shaders\include\video_core\host_shaders\opengl_present_vert.h
f:\custom-build\yuzu-1703\src\video_core\host_shaders\include\video_core\host_shaders\opengl_present_scaleforce_frag.h
f:\custom-build\yuzu-1703\src\video_core\host_shaders\include\video_core\host_shaders\opengl_smaa_glsl.h
f:\custom-build\yuzu-1703\src\video_core\host_shaders\include\video_core\host_shaders\pitch_unswizzle_comp.h
f:\custom-build\yuzu-1703\src\video_core\host_shaders\include\video_core\host_shaders\present_bicubic_frag.h
f:\custom-build\yuzu-1703\src\video_core\host_shaders\include\video_core\host_shaders\present_gaussian_frag.h
f:\custom-build\yuzu-1703\src\video_core\host_shaders\include\video_core\host_shaders\queries_prefix_scan_sum_comp.h
f:\custom-build\yuzu-1703\src\video_core\host_shaders\include\video_core\host_shaders\queries_prefix_scan_sum_nosubgroups_comp.h
f:\custom-build\yuzu-1703\src\video_core\host_shaders\include\video_core\host_shaders\resolve_conditional_render_comp.h
f:\custom-build\yuzu-1703\src\video_core\host_shaders\include\video_core\host_shaders\smaa_edge_detection_vert.h
f:\custom-build\yuzu-1703\src\video_core\host_shaders\include\video_core\host_shaders\smaa_edge_detection_frag.h
f:\custom-build\yuzu-1703\src\video_core\host_shaders\include\video_core\host_shaders\smaa_blending_weight_calculation_vert.h
f:\custom-build\yuzu-1703\src\video_core\host_shaders\include\video_core\host_shaders\smaa_blending_weight_calculation_frag.h
f:\custom-build\yuzu-1703\src\video_core\host_shaders\include\video_core\host_shaders\smaa_neighborhood_blending_vert.h
f:\custom-build\yuzu-1703\src\video_core\host_shaders\include\video_core\host_shaders\smaa_neighborhood_blending_frag.h
f:\custom-build\yuzu-1703\src\video_core\host_shaders\include\video_core\host_shaders\vulkan_blit_depth_stencil_frag_spv.h
f:\custom-build\yuzu-1703\src\video_core\host_shaders\include\video_core\host_shaders\vulkan_color_clear_frag_spv.h
f:\custom-build\yuzu-1703\src\video_core\host_shaders\include\video_core\host_shaders\vulkan_color_clear_vert_spv.h
f:\custom-build\yuzu-1703\src\video_core\host_shaders\include\video_core\host_shaders\vulkan_depthstencil_clear_frag_spv.h
f:\custom-build\yuzu-1703\src\video_core\host_shaders\include\video_core\host_shaders\vulkan_fidelityfx_fsr_vert_spv.h
f:\custom-build\yuzu-1703\src\video_core\host_shaders\include\video_core\host_shaders\vulkan_fidelityfx_fsr_easu_fp16_frag_spv.h
f:\custom-build\yuzu-1703\src\video_core\host_shaders\include\video_core\host_shaders\vulkan_fidelityfx_fsr_easu_fp32_frag_spv.h
f:\custom-build\yuzu-1703\src\video_core\host_shaders\include\video_core\host_shaders\vulkan_fidelityfx_fsr_rcas_fp16_frag_spv.h
f:\custom-build\yuzu-1703\src\video_core\host_shaders\include\video_core\host_shaders\vulkan_fidelityfx_fsr_rcas_fp32_frag_spv.h
f:\custom-build\yuzu-1703\src\video_core\host_shaders\include\video_core\host_shaders\vulkan_present_frag_spv.h
f:\custom-build\yuzu-1703\src\video_core\host_shaders\include\video_core\host_shaders\vulkan_present_vert_spv.h
f:\custom-build\yuzu-1703\src\video_core\host_shaders\include\video_core\host_shaders\vulkan_present_scaleforce_fp16_frag_spv.h
f:\custom-build\yuzu-1703\src\video_core\host_shaders\include\video_core\host_shaders\vulkan_present_scaleforce_fp32_frag_spv.h
f:\custom-build\yuzu-1703\src\video_core\host_shaders\include\video_core\host_shaders\vulkan_quad_indexed_comp_spv.h
f:\custom-build\yuzu-1703\src\video_core\host_shaders\include\video_core\host_shaders\vulkan_turbo_mode_comp_spv.h
f:\custom-build\yuzu-1703\src\video_core\host_shaders\include\video_core\host_shaders\vulkan_uint8_comp_spv.h
f:\custom-build\yuzu-1703\src\video_core\host_shaders\include\video_core\host_shaders\ffx_a_h.h
f:\custom-build\yuzu-1703\src\video_core\host_shaders\include\video_core\host_shaders\ffx_fsr1_h.h
f:\custom-build\yuzu-1703\src\video_core\host_shaders\include\video_core\host_shaders\astc_decoder_comp_spv.h
f:\custom-build\yuzu-1703\src\video_core\host_shaders\include\video_core\host_shaders\blit_color_float_frag_spv.h
f:\custom-build\yuzu-1703\src\video_core\host_shaders\include\video_core\host_shaders\block_linear_unswizzle_2d_comp_spv.h
f:\custom-build\yuzu-1703\src\video_core\host_shaders\include\video_core\host_shaders\block_linear_unswizzle_3d_comp_spv.h
f:\custom-build\yuzu-1703\src\video_core\host_shaders\include\video_core\host_shaders\convert_abgr8_to_d24s8_frag_spv.h
f:\custom-build\yuzu-1703\src\video_core\host_shaders\include\video_core\host_shaders\convert_abgr8_to_d32f_frag_spv.h
f:\custom-build\yuzu-1703\src\video_core\host_shaders\include\video_core\host_shaders\convert_d24s8_to_abgr8_frag_spv.h
f:\custom-build\yuzu-1703\src\video_core\host_shaders\include\video_core\host_shaders\convert_d32f_to_abgr8_frag_spv.h
f:\custom-build\yuzu-1703\src\video_core\host_shaders\include\video_core\host_shaders\convert_depth_to_float_frag_spv.h
f:\custom-build\yuzu-1703\src\video_core\host_shaders\include\video_core\host_shaders\convert_float_to_depth_frag_spv.h
f:\custom-build\yuzu-1703\src\video_core\host_shaders\include\video_core\host_shaders\convert_msaa_to_non_msaa_comp_spv.h
f:\custom-build\yuzu-1703\src\video_core\host_shaders\include\video_core\host_shaders\convert_non_msaa_to_msaa_comp_spv.h
f:\custom-build\yuzu-1703\src\video_core\host_shaders\include\video_core\host_shaders\convert_s8d24_to_abgr8_frag_spv.h
f:\custom-build\yuzu-1703\src\video_core\host_shaders\include\video_core\host_shaders\full_screen_triangle_vert_spv.h
f:\custom-build\yuzu-1703\src\video_core\host_shaders\include\video_core\host_shaders\fxaa_frag_spv.h
f:\custom-build\yuzu-1703\src\video_core\host_shaders\include\video_core\host_shaders\fxaa_vert_spv.h
f:\custom-build\yuzu-1703\src\video_core\host_shaders\include\video_core\host_shaders\pitch_unswizzle_comp_spv.h
f:\custom-build\yuzu-1703\src\video_core\host_shaders\include\video_core\host_shaders\present_bicubic_frag_spv.h
f:\custom-build\yuzu-1703\src\video_core\host_shaders\include\video_core\host_shaders\present_gaussian_frag_spv.h
f:\custom-build\yuzu-1703\src\video_core\host_shaders\include\video_core\host_shaders\queries_prefix_scan_sum_comp_spv.h
f:\custom-build\yuzu-1703\src\video_core\host_shaders\include\video_core\host_shaders\queries_prefix_scan_sum_nosubgroups_comp_spv.h
f:\custom-build\yuzu-1703\src\video_core\host_shaders\include\video_core\host_shaders\resolve_conditional_render_comp_spv.h
f:\custom-build\yuzu-1703\src\video_core\host_shaders\include\video_core\host_shaders\smaa_blending_weight_calculation_frag_spv.h
f:\custom-build\yuzu-1703\src\video_core\host_shaders\include\video_core\host_shaders\smaa_blending_weight_calculation_vert_spv.h
f:\custom-build\yuzu-1703\src\video_core\host_shaders\include\video_core\host_shaders\smaa_edge_detection_frag_spv.h
f:\custom-build\yuzu-1703\src\video_core\host_shaders\include\video_core\host_shaders\smaa_edge_detection_vert_spv.h
f:\custom-build\yuzu-1703\src\video_core\host_shaders\include\video_core\host_shaders\smaa_neighborhood_blending_frag_spv.h
f:\custom-build\yuzu-1703\src\video_core\host_shaders\include\video_core\host_shaders\smaa_neighborhood_blending_vert_spv.h
f:\custom-build\yuzu-1703\src\video_core\host_shaders\cmakefiles\host_shaders
f:\custom-build\yuzu-1703\src\video_core\host_shaders\cmakefiles\generate.stamp
f:\custom-build\yuzu-1703\src\video_core\host_shaders\x64\release\host_shaders\host_shaders.tlog\custombuild.command.1.tlog
f:\custom-build\yuzu-1703\src\video_core\host_shaders\x64\release\host_shaders\host_shaders.tlog\custombuild.read.1.tlog
f:\custom-build\yuzu-1703\src\video_core\host_shaders\x64\release\host_shaders\host_shaders.tlog\custombuild.write.1.tlog
